<?xml version="1.0" encoding="utf-8"?>
<TestRun id="62790d5a-1a2f-4fdb-8314-baccf5c1f990" name="@RHO-DESKTOP 2025-06-30 14:54:15" xmlns="http://microsoft.com/schemas/VisualStudio/TeamTest/2010">
  <Times creation="2025-06-30T14:54:15.6949888+02:00" queuing="2025-06-30T14:54:15.6949889+02:00" start="2025-06-30T14:53:59.4560922+02:00" finish="2025-06-30T14:54:17.4038888+02:00" />
  <TestSettings name="default" id="61d922d0-296d-4ca7-9970-9044e984e284">
    <Deployment runDeploymentRoot="_RHO-DESKTOP_2025-06-30_14_54_15" />
  </TestSettings>
  <Results>
    <UnitTestResult executionId="f2a3965c-9457-4a24-84b4-d99453332b85" testId="518603d4-aade-6d43-a1a3-9c9c0676c035" testName="Aula.Tests.WeekLetterContentExtractorTests.ExtractContent_WithMissingIndhold_ReturnsEmptyString" computerName="RHO-DESKTOP" duration="00:00:00.0002798" startTime="2025-06-30T14:54:16.0172415+02:00" endTime="2025-06-30T14:54:16.0172417+02:00" testType="13cdc9d9-ddb5-4fa4-a97d-d965ccfc6d4b" outcome="Passed" testListId="8c84fa94-04c1-424b-9868-57a2d4851a1d" relativeResultsDirectory="f2a3965c-9457-4a24-84b4-d99453332b85" />
    <UnitTestResult executionId="dab347a2-e7db-48e0-b292-fac80dc4ac76" testId="e17a4663-3590-c90c-3089-7ac854b33638" testName="Aula.Tests.FollowUpQuestionDetectorTests.IsFollowUpQuestion_WithLongMessageContainingChildName_ReturnsFalse(input: &quot;A detailed question about Liam's homework that is &quot;···)" computerName="RHO-DESKTOP" duration="00:00:00.0002998" startTime="2025-06-30T14:54:15.8251484+02:00" endTime="2025-06-30T14:54:15.8251486+02:00" testType="13cdc9d9-ddb5-4fa4-a97d-d965ccfc6d4b" outcome="Passed" testListId="8c84fa94-04c1-424b-9868-57a2d4851a1d" relativeResultsDirectory="dab347a2-e7db-48e0-b292-fac80dc4ac76" />
    <UnitTestResult executionId="5a8cf3af-34db-469b-871d-30b20ce0fded" testId="f8cc0372-9d5c-9ec5-104f-a82edf476946" testName="Aula.Tests.FollowUpQuestionDetectorTests.IsFollowUpQuestion_LogsCorrectlyForDetectedFollowUp" computerName="RHO-DESKTOP" duration="00:00:00.0136680" startTime="2025-06-30T14:54:15.7630990+02:00" endTime="2025-06-30T14:54:15.7630991+02:00" testType="13cdc9d9-ddb5-4fa4-a97d-d965ccfc6d4b" outcome="Passed" testListId="8c84fa94-04c1-424b-9868-57a2d4851a1d" relativeResultsDirectory="5a8cf3af-34db-469b-871d-30b20ce0fded" />
    <UnitTestResult executionId="25897ae3-a38c-49d7-8cf7-b57e63ce1d52" testId="fd64547e-5308-ea2e-7202-731120fc28dc" testName="Aula.Tests.ConversationContextManagerTests.UpdateContext_WithDefaultParameters_SetsCorrectDefaults" computerName="RHO-DESKTOP" duration="00:00:00.0005930" startTime="2025-06-30T14:54:15.7668855+02:00" endTime="2025-06-30T14:54:15.7668856+02:00" testType="13cdc9d9-ddb5-4fa4-a97d-d965ccfc6d4b" outcome="Passed" testListId="8c84fa94-04c1-424b-9868-57a2d4851a1d" relativeResultsDirectory="25897ae3-a38c-49d7-8cf7-b57e63ce1d52" />
    <UnitTestResult executionId="c0896772-620e-44a3-96a1-88182c34763f" testId="ec75acbe-6e73-b4ac-f447-1edd37a9ec7b" testName="Aula.Tests.FollowUpQuestionDetectorTests.IsFollowUpQuestion_WithEnglishFollowUpPhrases_ReturnsTrue(input: &quot;how about Liam&quot;)" computerName="RHO-DESKTOP" duration="00:00:00.0000942" startTime="2025-06-30T14:54:15.7377963+02:00" endTime="2025-06-30T14:54:15.7377965+02:00" testType="13cdc9d9-ddb5-4fa4-a97d-d965ccfc6d4b" outcome="Passed" testListId="8c84fa94-04c1-424b-9868-57a2d4851a1d" relativeResultsDirectory="c0896772-620e-44a3-96a1-88182c34763f" />
    <UnitTestResult executionId="714e87a0-e19e-4c0c-92e3-72a750e7e7f7" testId="6086987b-ac94-45b9-8780-119988272a4d" testName="Aula.Tests.ConfigurationTests.Telegram_Token_ValidationTests(token: &quot;123456789:AABBCCDDEEFFGG&quot;, isValidFormat: True)" computerName="RHO-DESKTOP" duration="00:00:00.0045798" startTime="2025-06-30T14:54:16.2133684+02:00" endTime="2025-06-30T14:54:16.2133686+02:00" testType="13cdc9d9-ddb5-4fa4-a97d-d965ccfc6d4b" outcome="Passed" testListId="8c84fa94-04c1-424b-9868-57a2d4851a1d" relativeResultsDirectory="714e87a0-e19e-4c0c-92e3-72a750e7e7f7" />
    <UnitTestResult executionId="fbe4da53-af1a-47cd-87eb-5bf6a1e017cb" testId="e85ce880-7444-1af6-f852-081812521be9" testName="Aula.Tests.DataModelTests.Reminder_CreatedBy_HandlesValues(createdBy: &quot;system&quot;, shouldAccept: True)" computerName="RHO-DESKTOP" duration="00:00:00.0013002" startTime="2025-06-30T14:54:15.9650437+02:00" endTime="2025-06-30T14:54:15.9650438+02:00" testType="13cdc9d9-ddb5-4fa4-a97d-d965ccfc6d4b" outcome="Passed" testListId="8c84fa94-04c1-424b-9868-57a2d4851a1d" relativeResultsDirectory="fbe4da53-af1a-47cd-87eb-5bf6a1e017cb" />
    <UnitTestResult executionId="68e44b6a-3e47-4bf5-a3ab-17192c677776" testId="10cfca6f-c864-61be-d0c3-7c4c2c1cb441" testName="Aula.Tests.DataModelTests.AppState_DefaultConstructor_InitializesCorrectly" computerName="RHO-DESKTOP" duration="00:00:00.0004996" startTime="2025-06-30T14:54:15.8501592+02:00" endTime="2025-06-30T14:54:15.8501593+02:00" testType="13cdc9d9-ddb5-4fa4-a97d-d965ccfc6d4b" outcome="Passed" testListId="8c84fa94-04c1-424b-9868-57a2d4851a1d" relativeResultsDirectory="68e44b6a-3e47-4bf5-a3ab-17192c677776" />
    <UnitTestResult executionId="4518335c-59c7-4040-a268-92ca9458225c" testId="9a3186fa-8a9f-bdf4-2246-6dd1ebfd2de6" testName="Aula.Tests.WeekLetterContentExtractorTests.ExtractContent_WithEmptyUgebreve_ReturnsEmptyString" computerName="RHO-DESKTOP" duration="00:00:00.0001413" startTime="2025-06-30T14:54:16.0147450+02:00" endTime="2025-06-30T14:54:16.0147452+02:00" testType="13cdc9d9-ddb5-4fa4-a97d-d965ccfc6d4b" outcome="Passed" testListId="8c84fa94-04c1-424b-9868-57a2d4851a1d" relativeResultsDirectory="4518335c-59c7-4040-a268-92ca9458225c" />
    <UnitTestResult executionId="0e4f2eae-51fc-499d-9293-44392e2e757d" testId="8da1a6dd-b1a8-26c5-9c21-a9c9e125ca11" testName="Aula.Tests.WeekLetterContentExtractorTests.ExtractContent_Dynamic_WithException_ReturnsEmptyStringAndLogsError" computerName="RHO-DESKTOP" duration="00:00:00.0238645" startTime="2025-06-30T14:54:16.0157963+02:00" endTime="2025-06-30T14:54:16.0157965+02:00" testType="13cdc9d9-ddb5-4fa4-a97d-d965ccfc6d4b" outcome="Passed" testListId="8c84fa94-04c1-424b-9868-57a2d4851a1d" relativeResultsDirectory="0e4f2eae-51fc-499d-9293-44392e2e757d" />
    <UnitTestResult executionId="48fbfb52-c6b6-4b9c-9bd5-21dc472067cb" testId="dfae728d-2f30-bd04-fd9d-26b0115d517f" testName="Aula.Tests.JsonFormatterTests.Prettify_WithIncompleteJson_ThrowsException(incompleteJson: &quot;{\&quot;incomplete\&quot;:&quot;)" computerName="RHO-DESKTOP" duration="00:00:00.0106800" startTime="2025-06-30T14:54:15.9581703+02:00" endTime="2025-06-30T14:54:15.9581704+02:00" testType="13cdc9d9-ddb5-4fa4-a97d-d965ccfc6d4b" outcome="Passed" testListId="8c84fa94-04c1-424b-9868-57a2d4851a1d" relativeResultsDirectory="48fbfb52-c6b6-4b9c-9bd5-21dc472067cb" />
    <UnitTestResult executionId="2245d486-7b26-4139-886f-07f5222fec5b" testId="aba925b8-1c49-822f-9926-ea2d7ce91a32" testName="Aula.Tests.WeekLetterContentExtractorTests.ExtractContent_Dynamic_WithEmptyArray_ReturnsEmptyString" computerName="RHO-DESKTOP" duration="00:00:00.3109667" startTime="2025-06-30T14:54:15.9953632+02:00" endTime="2025-06-30T14:54:15.9953634+02:00" testType="13cdc9d9-ddb5-4fa4-a97d-d965ccfc6d4b" outcome="Passed" testListId="8c84fa94-04c1-424b-9868-57a2d4851a1d" relativeResultsDirectory="2245d486-7b26-4139-886f-07f5222fec5b" />
    <UnitTestResult executionId="08c375b8-ca62-4b65-9555-6f8945805bdf" testId="146f9b75-65d9-27c0-7771-28e1ec06fa16" testName="Aula.Tests.OpenAiServiceTests.OpenAiService_Constructor_WithNullApiKey_ThrowsException" computerName="RHO-DESKTOP" duration="00:00:00.0110739" startTime="2025-06-30T14:54:15.9595131+02:00" endTime="2025-06-30T14:54:15.9595134+02:00" testType="13cdc9d9-ddb5-4fa4-a97d-d965ccfc6d4b" outcome="Passed" testListId="8c84fa94-04c1-424b-9868-57a2d4851a1d" relativeResultsDirectory="08c375b8-ca62-4b65-9555-6f8945805bdf" />
    <UnitTestResult executionId="3abf9034-2e0f-40fd-a3cf-390e2593469d" testId="36fbc1f7-7471-c9be-016e-b3afc05e4c32" testName="Aula.Tests.FollowUpQuestionDetectorTests.IsFollowUpQuestion_WithFullChildNames_WorksCorrectly(input: &quot;what about Emma Rose&quot;)" computerName="RHO-DESKTOP" duration="00:00:00.0029737" startTime="2025-06-30T14:54:15.7113071+02:00" endTime="2025-06-30T14:54:15.7113073+02:00" testType="13cdc9d9-ddb5-4fa4-a97d-d965ccfc6d4b" outcome="Passed" testListId="8c84fa94-04c1-424b-9868-57a2d4851a1d" relativeResultsDirectory="3abf9034-2e0f-40fd-a3cf-390e2593469d" />
    <UnitTestResult executionId="86d1c905-b014-4ca5-8094-850fe0a9f454" testId="d835c30d-6ed0-a5ea-3ebb-f3d8da6b03ee" testName="Aula.Tests.ConversationContextManagerTests.Constructor_WithNullLogger_ThrowsArgumentNullException" computerName="RHO-DESKTOP" duration="00:00:00.0062179" startTime="2025-06-30T14:54:15.7904601+02:00" endTime="2025-06-30T14:54:15.7904602+02:00" testType="13cdc9d9-ddb5-4fa4-a97d-d965ccfc6d4b" outcome="Passed" testListId="8c84fa94-04c1-424b-9868-57a2d4851a1d" relativeResultsDirectory="86d1c905-b014-4ca5-8094-850fe0a9f454" />
    <UnitTestResult executionId="f1628831-283c-4cfd-94fb-ac5d5709e238" testId="4d980d02-3455-94f4-5dc1-d9e428166ef8" testName="Aula.Tests.ConversationContextTests.ToString_AgeCalculation_IsAccurate" computerName="RHO-DESKTOP" duration="00:00:00.0006114" startTime="2025-06-30T14:54:15.6298488+02:00" endTime="2025-06-30T14:54:15.6298491+02:00" testType="13cdc9d9-ddb5-4fa4-a97d-d965ccfc6d4b" outcome="Passed" testListId="8c84fa94-04c1-424b-9868-57a2d4851a1d" relativeResultsDirectory="f1628831-283c-4cfd-94fb-ac5d5709e238" />
    <UnitTestResult executionId="f0e3dd6b-08ae-4c63-b30d-23891f92b20c" testId="74f572e8-81b4-21f1-88fc-50374ea6849b" testName="Aula.Tests.ConversationContextTests.ToString_WithEmptyChildName_ShowsEmptyString" computerName="RHO-DESKTOP" duration="00:00:00.0380889" startTime="2025-06-30T14:54:15.4979144+02:00" endTime="2025-06-30T14:54:15.4979145+02:00" testType="13cdc9d9-ddb5-4fa4-a97d-d965ccfc6d4b" outcome="Passed" testListId="8c84fa94-04c1-424b-9868-57a2d4851a1d" relativeResultsDirectory="f0e3dd6b-08ae-4c63-b30d-23891f92b20c" />
    <UnitTestResult executionId="72a98533-e4eb-4f8a-8203-8ba73d2d3a45" testId="bbd7688e-cdc8-aa1e-ec7b-a1e608624bc2" testName="Aula.Tests.FollowUpQuestionDetectorTests.IsFollowUpQuestion_WithEmptyInput_ReturnsFalse" computerName="RHO-DESKTOP" duration="00:00:00.0008313" startTime="2025-06-30T14:54:15.8283458+02:00" endTime="2025-06-30T14:54:15.8283461+02:00" testType="13cdc9d9-ddb5-4fa4-a97d-d965ccfc6d4b" outcome="Passed" testListId="8c84fa94-04c1-424b-9868-57a2d4851a1d" relativeResultsDirectory="72a98533-e4eb-4f8a-8203-8ba73d2d3a45" />
    <UnitTestResult executionId="d0072f2b-dbd7-46be-bc1c-c891c44a1b98" testId="446ed079-1d91-0655-60df-55c256c5ff3a" testName="Aula.Tests.FollowUpQuestionDetectorTests.IsFollowUpQuestion_WithEmptyChildrenList_HandlesSafely" computerName="RHO-DESKTOP" duration="00:00:00.0002063" startTime="2025-06-30T14:54:15.8538891+02:00" endTime="2025-06-30T14:54:15.8538893+02:00" testType="13cdc9d9-ddb5-4fa4-a97d-d965ccfc6d4b" outcome="Passed" testListId="8c84fa94-04c1-424b-9868-57a2d4851a1d" relativeResultsDirectory="d0072f2b-dbd7-46be-bc1c-c891c44a1b98" />
    <UnitTestResult executionId="7115e23d-d808-4f00-8ca3-e226bb9bd410" testId="6dc1a149-cb06-de35-5fc9-568447f23244" testName="Aula.Tests.AgentServiceTests.SummarizeWeekLetterAsync_CallsOpenAiService" computerName="RHO-DESKTOP" duration="00:00:00.0234075" startTime="2025-06-30T14:54:16.0061039+02:00" endTime="2025-06-30T14:54:16.0061040+02:00" testType="13cdc9d9-ddb5-4fa4-a97d-d965ccfc6d4b" outcome="Passed" testListId="8c84fa94-04c1-424b-9868-57a2d4851a1d" relativeResultsDirectory="7115e23d-d808-4f00-8ca3-e226bb9bd410" />
    <UnitTestResult executionId="ab71be5a-295f-4803-811d-dce30274512f" testId="b34833af-3d22-bac3-9586-8be56a408ba1" testName="Aula.Tests.FollowUpQuestionDetectorTests.IsFollowUpQuestion_WithShortFollowUps_ReturnsTrue(input: &quot;what?&quot;)" computerName="RHO-DESKTOP" duration="00:00:00.0000524" startTime="2025-06-30T14:54:15.7494547+02:00" endTime="2025-06-30T14:54:15.7494548+02:00" testType="13cdc9d9-ddb5-4fa4-a97d-d965ccfc6d4b" outcome="Passed" testListId="8c84fa94-04c1-424b-9868-57a2d4851a1d" relativeResultsDirectory="ab71be5a-295f-4803-811d-dce30274512f" />
    <UnitTestResult executionId="0da47791-d050-4494-8865-d7595ff07df5" testId="eefd5fd4-df88-e505-6223-b1162fcc24c1" testName="Aula.Tests.FollowUpQuestionDetectorTests.IsFollowUpQuestion_WithEnglishFollowUpPhrases_ReturnsTrue(input: &quot;and what about today&quot;)" computerName="RHO-DESKTOP" duration="00:00:00.0088917" startTime="2025-06-30T14:54:15.7366661+02:00" endTime="2025-06-30T14:54:15.7366663+02:00" testType="13cdc9d9-ddb5-4fa4-a97d-d965ccfc6d4b" outcome="Passed" testListId="8c84fa94-04c1-424b-9868-57a2d4851a1d" relativeResultsDirectory="0da47791-d050-4494-8865-d7595ff07df5" />
    <UnitTestResult executionId="46367a5f-577b-4124-82fe-1f19348ffa0e" testId="a35a6d59-1322-0daa-c1a8-4b2dcce9308a" testName="Aula.Tests.WeekLetterContentExtractorTests.ExtractContent_WithNullLogger_DoesNotThrow" computerName="RHO-DESKTOP" duration="00:00:00.0004259" startTime="2025-06-30T14:54:16.0053535+02:00" endTime="2025-06-30T14:54:16.0053536+02:00" testType="13cdc9d9-ddb5-4fa4-a97d-d965ccfc6d4b" outcome="Passed" testListId="8c84fa94-04c1-424b-9868-57a2d4851a1d" relativeResultsDirectory="46367a5f-577b-4124-82fe-1f19348ffa0e" />
    <UnitTestResult executionId="0ee1a0df-5cb6-4d75-883d-1e993c96a956" testId="be73dc95-5c1b-e6c6-25e2-af26ee336076" testName="Aula.Tests.ConversationContextManagerTests.UpdateContext_OverwritesExistingContext" computerName="RHO-DESKTOP" duration="00:00:00.0004115" startTime="2025-06-30T14:54:15.8977372+02:00" endTime="2025-06-30T14:54:15.8977373+02:00" testType="13cdc9d9-ddb5-4fa4-a97d-d965ccfc6d4b" outcome="Passed" testListId="8c84fa94-04c1-424b-9868-57a2d4851a1d" relativeResultsDirectory="0ee1a0df-5cb6-4d75-883d-1e993c96a956" />
    <UnitTestResult executionId="ae3eecd1-f9ff-4abf-ba96-ec79807e5be5" testId="c8e3cf92-7582-bfe9-99c0-9a4266a4be51" testName="Aula.Tests.JsonFormatterTests.Prettify_WithComplexNestedStructure_FormatsCorrectly" computerName="RHO-DESKTOP" duration="00:00:00.0004387" startTime="2025-06-30T14:54:16.0327208+02:00" endTime="2025-06-30T14:54:16.0327210+02:00" testType="13cdc9d9-ddb5-4fa4-a97d-d965ccfc6d4b" outcome="Passed" testListId="8c84fa94-04c1-424b-9868-57a2d4851a1d" relativeResultsDirectory="ae3eecd1-f9ff-4abf-ba96-ec79807e5be5" />
    <UnitTestResult executionId="3c7a7a68-a963-4b90-aa5a-b46c23c28c8b" testId="7d5870ac-5206-addb-8990-744bdf39b1db" testName="Aula.Tests.WeekLetterContentExtractorTests.ExtractContent_WithLogger_LogsWarningForEmptyContent" computerName="RHO-DESKTOP" duration="00:00:00.0025501" startTime="2025-06-30T14:54:16.0037706+02:00" endTime="2025-06-30T14:54:16.0037708+02:00" testType="13cdc9d9-ddb5-4fa4-a97d-d965ccfc6d4b" outcome="Passed" testListId="8c84fa94-04c1-424b-9868-57a2d4851a1d" relativeResultsDirectory="3c7a7a68-a963-4b90-aa5a-b46c23c28c8b" />
    <UnitTestResult executionId="aa3d9bf1-4356-468e-9727-d6e0d82dea0a" testId="17fd1d45-da93-d3c8-66a0-3e861223c732" testName="Aula.Tests.ReminderCommandHandlerTests.TryHandleReminderCommand_DateParsing_TomorrowAndToday_WorksCorrectly" computerName="RHO-DESKTOP" duration="00:00:00.0069198" startTime="2025-06-30T14:54:16.0834147+02:00" endTime="2025-06-30T14:54:16.0834149+02:00" testType="13cdc9d9-ddb5-4fa4-a97d-d965ccfc6d4b" outcome="Passed" testListId="8c84fa94-04c1-424b-9868-57a2d4851a1d" relativeResultsDirectory="aa3d9bf1-4356-468e-9727-d6e0d82dea0a" />
    <UnitTestResult executionId="5b9379ab-98a0-44ae-81fa-6bb5f5015f31" testId="53bb093c-6fb6-b6f7-2e6c-d0066eb2a8d3" testName="Aula.Tests.DataModelTests.Reminder_DefaultConstructor_InitializesCorrectly" computerName="RHO-DESKTOP" duration="00:00:00.0002930" startTime="2025-06-30T14:54:15.9981136+02:00" endTime="2025-06-30T14:54:15.9981138+02:00" testType="13cdc9d9-ddb5-4fa4-a97d-d965ccfc6d4b" outcome="Passed" testListId="8c84fa94-04c1-424b-9868-57a2d4851a1d" relativeResultsDirectory="5b9379ab-98a0-44ae-81fa-6bb5f5015f31" />
    <UnitTestResult executionId="df50c148-2ae8-4aaf-bd2f-23ba0151cc54" testId="d77a9ab0-5f8c-315e-76c3-61507ed0669d" testName="Aula.Tests.JsonFormatterTests.Prettify_WithWhitespaceOnly_ReturnsNull" computerName="RHO-DESKTOP" duration="00:00:00.0003255" startTime="2025-06-30T14:54:15.9613718+02:00" endTime="2025-06-30T14:54:15.9613720+02:00" testType="13cdc9d9-ddb5-4fa4-a97d-d965ccfc6d4b" outcome="Passed" testListId="8c84fa94-04c1-424b-9868-57a2d4851a1d" relativeResultsDirectory="df50c148-2ae8-4aaf-bd2f-23ba0151cc54" />
    <UnitTestResult executionId="f901bd3a-3af7-4d28-8bc9-6a7a7be1e513" testId="a79c395c-46b7-f17d-288a-eec8c3ef5e1e" testName="Aula.Tests.DataModelTests.Reminder_CreatedBy_HandlesValues(createdBy: &quot;user&quot;, shouldAccept: True)" computerName="RHO-DESKTOP" duration="00:00:00.0003140" startTime="2025-06-30T14:54:15.9644220+02:00" endTime="2025-06-30T14:54:15.9644221+02:00" testType="13cdc9d9-ddb5-4fa4-a97d-d965ccfc6d4b" outcome="Passed" testListId="8c84fa94-04c1-424b-9868-57a2d4851a1d" relativeResultsDirectory="f901bd3a-3af7-4d28-8bc9-6a7a7be1e513" />
    <UnitTestResult executionId="ca782270-e8b3-4870-849e-436885001864" testId="69727e49-b8f5-50a5-9fcb-9c9994f0f995" testName="Aula.Tests.ReminderCommandHandlerTests.TryHandleReminderCommand_DeleteReminder_ValidCommands_ReturnsSuccess(command: &quot;slet påmindelse 456&quot;, isEnglish: False, expectedId: 456)" computerName="RHO-DESKTOP" duration="00:00:00.0137905" startTime="2025-06-30T14:54:16.0384485+02:00" endTime="2025-06-30T14:54:16.0384486+02:00" testType="13cdc9d9-ddb5-4fa4-a97d-d965ccfc6d4b" outcome="Passed" testListId="8c84fa94-04c1-424b-9868-57a2d4851a1d" relativeResultsDirectory="ca782270-e8b3-4870-849e-436885001864" />
    <UnitTestResult executionId="e6d821d2-2ebd-4987-aa34-6df38b25f138" testId="0401d7a7-9613-4f4d-5671-a495f8cf8baa" testName="Aula.Tests.OpenAiServiceTests.OpenAiService_GetChatInterfaceInstructions_ReturnsCorrectFormat(chatInterface: Telegram)" computerName="RHO-DESKTOP" duration="00:00:00.0003251" startTime="2025-06-30T14:54:15.9182007+02:00" endTime="2025-06-30T14:54:15.9182009+02:00" testType="13cdc9d9-ddb5-4fa4-a97d-d965ccfc6d4b" outcome="Passed" testListId="8c84fa94-04c1-424b-9868-57a2d4851a1d" relativeResultsDirectory="e6d821d2-2ebd-4987-aa34-6df38b25f138" />
    <UnitTestResult executionId="1b2c9d87-28ab-4d85-b5ed-5cd49803e30a" testId="184d572b-1eab-db07-2882-b6cdb1e59007" testName="Aula.Tests.ConfigurationTests.UniLogin_WithInvalidCredentials_HandlesGracefully(invalidValue: &quot;   &quot;)" computerName="RHO-DESKTOP" duration="00:00:00.0040018" startTime="2025-06-30T14:54:16.2322294+02:00" endTime="2025-06-30T14:54:16.2322297+02:00" testType="13cdc9d9-ddb5-4fa4-a97d-d965ccfc6d4b" outcome="Passed" testListId="8c84fa94-04c1-424b-9868-57a2d4851a1d" relativeResultsDirectory="1b2c9d87-28ab-4d85-b5ed-5cd49803e30a" />
    <UnitTestResult executionId="4abe56c9-243b-4720-a0cf-8e416bb4eef7" testId="e2e29f90-25ed-b586-0d19-afc1dfb8c8e5" testName="Aula.Tests.FollowUpQuestionDetectorTests.IsFollowUpQuestion_WithMultipleChildNamesInShortMessage_ReturnsTrue" computerName="RHO-DESKTOP" duration="00:00:00.0002907" startTime="2025-06-30T14:54:15.8120250+02:00" endTime="2025-06-30T14:54:15.8120251+02:00" testType="13cdc9d9-ddb5-4fa4-a97d-d965ccfc6d4b" outcome="Passed" testListId="8c84fa94-04c1-424b-9868-57a2d4851a1d" relativeResultsDirectory="4abe56c9-243b-4720-a0cf-8e416bb4eef7" />
    <UnitTestResult executionId="803f5d25-3fe8-46e5-a3de-14d1c4cdf7fb" testId="90d4b0fb-1ec9-7d35-ce7c-410fb43345e8" testName="Aula.Tests.ConfigurationTests.Children_WithMultipleChildren_MaintainsOrder" computerName="RHO-DESKTOP" duration="00:00:00.0041378" startTime="2025-06-30T14:54:16.3076573+02:00" endTime="2025-06-30T14:54:16.3076574+02:00" testType="13cdc9d9-ddb5-4fa4-a97d-d965ccfc6d4b" outcome="Passed" testListId="8c84fa94-04c1-424b-9868-57a2d4851a1d" relativeResultsDirectory="803f5d25-3fe8-46e5-a3de-14d1c4cdf7fb" />
    <UnitTestResult executionId="85b652f3-65ad-45fb-a2e7-24fb5f455c2e" testId="cd6fe45d-a98d-91dd-e01b-610dcf926d0f" testName="Aula.Tests.FollowUpQuestionDetectorTests.IsFollowUpQuestion_WithChildNameAndShortMessage_ReturnsTrue(input: &quot;TestChild1en&quot;)" computerName="RHO-DESKTOP" duration="00:00:00.0000511" startTime="2025-06-30T14:54:15.8094111+02:00" endTime="2025-06-30T14:54:15.8094112+02:00" testType="13cdc9d9-ddb5-4fa4-a97d-d965ccfc6d4b" outcome="Passed" testListId="8c84fa94-04c1-424b-9868-57a2d4851a1d" relativeResultsDirectory="85b652f3-65ad-45fb-a2e7-24fb5f455c2e" />
    <UnitTestResult executionId="2bb85c90-a9b8-4230-a532-4ae80cc5a71a" testId="7926e009-60f7-10e3-6608-f4fc6af40fcc" testName="Aula.Tests.ConversationContextTests.IsStillValid_WithFreshTimestamp_ReturnsTrue" computerName="RHO-DESKTOP" duration="00:00:00.0001655" startTime="2025-06-30T14:54:15.6310169+02:00" endTime="2025-06-30T14:54:15.6310170+02:00" testType="13cdc9d9-ddb5-4fa4-a97d-d965ccfc6d4b" outcome="Passed" testListId="8c84fa94-04c1-424b-9868-57a2d4851a1d" relativeResultsDirectory="2bb85c90-a9b8-4230-a532-4ae80cc5a71a" />
    <UnitTestResult executionId="ff1af93f-2aac-4536-9667-dcf8ada09133" testId="b80c6691-8d48-baff-d58a-e63f878bd1fd" testName="Aula.Tests.MinUddannelseClientTests.Constructor_WithValidConfig_CreatesInstance" computerName="RHO-DESKTOP" duration="00:00:00.0283512" startTime="2025-06-30T14:54:15.4603092+02:00" endTime="2025-06-30T14:54:15.4603512+02:00" testType="13cdc9d9-ddb5-4fa4-a97d-d965ccfc6d4b" outcome="Passed" testListId="8c84fa94-04c1-424b-9868-57a2d4851a1d" relativeResultsDirectory="ff1af93f-2aac-4536-9667-dcf8ada09133" />
    <UnitTestResult executionId="3a28239f-db37-4152-bbf8-16d3ef567107" testId="10a560a5-b0ed-365f-b302-8638c32c09e9" testName="Aula.Tests.ConversationContextTests.IsStillValid_WithExactlyNinePointNineMinutesOld_ReturnsTrue" computerName="RHO-DESKTOP" duration="00:00:00.0001562" startTime="2025-06-30T14:54:15.6286815+02:00" endTime="2025-06-30T14:54:15.6286816+02:00" testType="13cdc9d9-ddb5-4fa4-a97d-d965ccfc6d4b" outcome="Passed" testListId="8c84fa94-04c1-424b-9868-57a2d4851a1d" relativeResultsDirectory="3a28239f-db37-4152-bbf8-16d3ef567107" />
    <UnitTestResult executionId="b4035b5f-d009-4410-aaec-6f38994d4f39" testId="df2a6399-f0d4-5bb9-e651-69d660a01deb" testName="Aula.Tests.Html2SlackMarkdownConverterTests.Convert_WithComplexNesting_HandlesCorrectly" computerName="RHO-DESKTOP" duration="00:00:00.0126687" startTime="2025-06-30T14:54:15.7372657+02:00" endTime="2025-06-30T14:54:15.7372658+02:00" testType="13cdc9d9-ddb5-4fa4-a97d-d965ccfc6d4b" outcome="Passed" testListId="8c84fa94-04c1-424b-9868-57a2d4851a1d" relativeResultsDirectory="b4035b5f-d009-4410-aaec-6f38994d4f39" />
    <UnitTestResult executionId="eea6db60-838f-4abd-b293-4a529e3883a5" testId="624de27a-03d8-98ab-f34d-a66a3eeda68b" testName="Aula.Tests.DataModelTests.Reminder_CreatedBy_HandlesValues(createdBy: &quot;&quot;, shouldAccept: True)" computerName="RHO-DESKTOP" duration="00:00:00.0000098" startTime="2025-06-30T14:54:15.9661188+02:00" endTime="2025-06-30T14:54:15.9661189+02:00" testType="13cdc9d9-ddb5-4fa4-a97d-d965ccfc6d4b" outcome="Passed" testListId="8c84fa94-04c1-424b-9868-57a2d4851a1d" relativeResultsDirectory="eea6db60-838f-4abd-b293-4a529e3883a5" />
    <UnitTestResult executionId="b3877e52-f66d-41db-8d79-911bff8871a9" testId="6ed8aadb-a9f5-cab1-8075-e5a978e1f95d" testName="Aula.Tests.ConfigurationTests.Slack_ChannelId_ValidationTests(channelId: &quot;@username&quot;, isValid: True)" computerName="RHO-DESKTOP" duration="00:00:00.0074672" startTime="2025-06-30T14:54:16.2629079+02:00" endTime="2025-06-30T14:54:16.2629081+02:00" testType="13cdc9d9-ddb5-4fa4-a97d-d965ccfc6d4b" outcome="Passed" testListId="8c84fa94-04c1-424b-9868-57a2d4851a1d" relativeResultsDirectory="b3877e52-f66d-41db-8d79-911bff8871a9" />
    <UnitTestResult executionId="00300013-6fae-4386-848c-65f7504c8a7d" testId="c06d186f-88dd-0856-9a2a-917fef6f84d2" testName="Aula.Tests.ReminderCommandHandlerTests.TryHandleReminderCommand_DeleteReminder_ValidCommands_ReturnsSuccess(command: &quot;delete reminder 1&quot;, isEnglish: True, expectedId: 1)" computerName="RHO-DESKTOP" duration="00:00:00.0015201" startTime="2025-06-30T14:54:16.0390426+02:00" endTime="2025-06-30T14:54:16.0390427+02:00" testType="13cdc9d9-ddb5-4fa4-a97d-d965ccfc6d4b" outcome="Passed" testListId="8c84fa94-04c1-424b-9868-57a2d4851a1d" relativeResultsDirectory="00300013-6fae-4386-848c-65f7504c8a7d" />
    <UnitTestResult executionId="ab65b9ef-9db6-4032-875e-3eecc25583aa" testId="525203ba-2e45-193a-ab6e-ed53631a76cf" testName="Aula.Tests.ReminderCommandHandlerTests.TryHandleReminderCommand_NonMatchingPatterns_ReturnsFalse(command: &quot;husk mig ugyldig at 8:00 at invalid format&quot;, isEnglish: False)" computerName="RHO-DESKTOP" duration="00:00:00.0006468" startTime="2025-06-30T14:54:16.0761569+02:00" endTime="2025-06-30T14:54:16.0761571+02:00" testType="13cdc9d9-ddb5-4fa4-a97d-d965ccfc6d4b" outcome="Passed" testListId="8c84fa94-04c1-424b-9868-57a2d4851a1d" relativeResultsDirectory="ab65b9ef-9db6-4032-875e-3eecc25583aa" />
    <UnitTestResult executionId="4020e42e-2aa3-4fff-a53a-b2e6fee4266c" testId="a0aec621-6262-1c7c-4d56-777a71f35264" testName="Aula.Tests.DataServiceTests.GetWeekSchedule_ReturnsNull_WhenNotInCache" computerName="RHO-DESKTOP" duration="00:00:00.0016788" startTime="2025-06-30T14:54:15.7624849+02:00" endTime="2025-06-30T14:54:15.7624851+02:00" testType="13cdc9d9-ddb5-4fa4-a97d-d965ccfc6d4b" outcome="Passed" testListId="8c84fa94-04c1-424b-9868-57a2d4851a1d" relativeResultsDirectory="4020e42e-2aa3-4fff-a53a-b2e6fee4266c" />
    <UnitTestResult executionId="da97d158-e059-4aa3-bce5-86009f97a7b8" testId="b8508268-2889-9748-74e5-db70a438176b" testName="Aula.Tests.DataModelTests.ScheduledTask_WithProperties_SetsCorrectly" computerName="RHO-DESKTOP" duration="00:00:00.0212230" startTime="2025-06-30T14:54:15.9631069+02:00" endTime="2025-06-30T14:54:15.9631070+02:00" testType="13cdc9d9-ddb5-4fa4-a97d-d965ccfc6d4b" outcome="Passed" testListId="8c84fa94-04c1-424b-9868-57a2d4851a1d" relativeResultsDirectory="da97d158-e059-4aa3-bce5-86009f97a7b8" />
    <UnitTestResult executionId="0875d425-10df-4afa-9bc5-ce9c4e61f819" testId="f7a57333-3cf4-644a-b039-06cb387e0167" testName="Aula.Tests.Html2SlackMarkdownConverterTests.Convert_WithWhitespaceOnly_ReturnsEmptyString" computerName="RHO-DESKTOP" duration="00:00:00.0001707" startTime="2025-06-30T14:54:15.6657556+02:00" endTime="2025-06-30T14:54:15.6657560+02:00" testType="13cdc9d9-ddb5-4fa4-a97d-d965ccfc6d4b" outcome="Passed" testListId="8c84fa94-04c1-424b-9868-57a2d4851a1d" relativeResultsDirectory="0875d425-10df-4afa-9bc5-ce9c4e61f819" />
    <UnitTestResult executionId="c041eee5-3e7c-4ac4-a94e-90cbee73ad16" testId="de6814fc-fb87-278a-6b85-166a4f38f8c8" testName="Aula.Tests.FollowUpQuestionDetectorTests.IsFollowUpQuestion_WithChildNameAndTimeReference_ReturnsFalse(input: &quot;Emma i dag&quot;)" computerName="RHO-DESKTOP" duration="00:00:00.0000378" startTime="2025-06-30T14:54:15.7810549+02:00" endTime="2025-06-30T14:54:15.7810550+02:00" testType="13cdc9d9-ddb5-4fa4-a97d-d965ccfc6d4b" outcome="Passed" testListId="8c84fa94-04c1-424b-9868-57a2d4851a1d" relativeResultsDirectory="c041eee5-3e7c-4ac4-a94e-90cbee73ad16" />
    <UnitTestResult executionId="61d3270e-ba49-4910-871f-fce976dbd650" testId="2e34d1fd-ad52-45da-e667-2c02895a369a" testName="Aula.Tests.WeekLetterContentExtractorTests.ExtractContent_WithValidJObject_ReturnsContent" computerName="RHO-DESKTOP" duration="00:00:00.0105279" startTime="2025-06-30T14:54:15.6534838+02:00" endTime="2025-06-30T14:54:15.6534839+02:00" testType="13cdc9d9-ddb5-4fa4-a97d-d965ccfc6d4b" outcome="Passed" testListId="8c84fa94-04c1-424b-9868-57a2d4851a1d" relativeResultsDirectory="61d3270e-ba49-4910-871f-fce976dbd650" />
    <UnitTestResult executionId="1604d329-be0d-4eb6-b781-96d33d1189bb" testId="e78c5c84-a9c9-ccff-c45d-591b1711f623" testName="Aula.Tests.FollowUpQuestionDetectorTests.IsFollowUpQuestion_WithShortFollowUps_ReturnsTrue(input: &quot;okay&quot;)" computerName="RHO-DESKTOP" duration="00:00:00.0000487" startTime="2025-06-30T14:54:15.7556805+02:00" endTime="2025-06-30T14:54:15.7556806+02:00" testType="13cdc9d9-ddb5-4fa4-a97d-d965ccfc6d4b" outcome="Passed" testListId="8c84fa94-04c1-424b-9868-57a2d4851a1d" relativeResultsDirectory="1604d329-be0d-4eb6-b781-96d33d1189bb" />
    <UnitTestResult executionId="36eea5e2-b2cb-42f2-bdc8-1bfe3b1125f9" testId="37c8e837-768d-f32d-81c8-3568b0541083" testName="Aula.Tests.Html2SlackMarkdownConverterTests.Convert_WithPartialTags_HandlesGracefully(html: &quot;text &lt;b&gt; more text&quot;)" computerName="RHO-DESKTOP" duration="00:00:00.0011724" startTime="2025-06-30T14:54:15.6567181+02:00" endTime="2025-06-30T14:54:15.6567184+02:00" testType="13cdc9d9-ddb5-4fa4-a97d-d965ccfc6d4b" outcome="Passed" testListId="8c84fa94-04c1-424b-9868-57a2d4851a1d" relativeResultsDirectory="36eea5e2-b2cb-42f2-bdc8-1bfe3b1125f9" />
    <UnitTestResult executionId="51d22951-1591-444e-94e6-6d4a9d97d98d" testId="a5b19ae5-8ac7-3134-19bf-f47bfeb954a5" testName="Aula.Tests.OpenAiServiceTests.OpenAiService_Internal_Constructor_CanBeUsedForTesting" computerName="RHO-DESKTOP" duration="00:00:00.0047281" startTime="2025-06-30T14:54:15.9575671+02:00" endTime="2025-06-30T14:54:15.9575672+02:00" testType="13cdc9d9-ddb5-4fa4-a97d-d965ccfc6d4b" outcome="Passed" testListId="8c84fa94-04c1-424b-9868-57a2d4851a1d" relativeResultsDirectory="51d22951-1591-444e-94e6-6d4a9d97d98d" />
    <UnitTestResult executionId="a2fe3a7b-f026-4709-8fc1-2402e5a4e03a" testId="1240d963-4048-724a-07eb-e6234565a31f" testName="Aula.Tests.ReminderCommandHandlerTests.Constructor_WithNullSupabaseService_ThrowsArgumentNullException" computerName="RHO-DESKTOP" duration="00:00:00.0011117" startTime="2025-06-30T14:54:16.0031054+02:00" endTime="2025-06-30T14:54:16.0031056+02:00" testType="13cdc9d9-ddb5-4fa4-a97d-d965ccfc6d4b" outcome="Passed" testListId="8c84fa94-04c1-424b-9868-57a2d4851a1d" relativeResultsDirectory="a2fe3a7b-f026-4709-8fc1-2402e5a4e03a" />
    <UnitTestResult executionId="48d0f8f3-e461-4d0f-acf7-4cbe01a74860" testId="ebeeb361-255e-4049-7a3b-3cefdcdd4a45" testName="Aula.Tests.DataModelTests.ScheduledTask_DefaultConstructor_InitializesCorrectly" computerName="RHO-DESKTOP" duration="00:00:00.0004756" startTime="2025-06-30T14:54:15.9973459+02:00" endTime="2025-06-30T14:54:15.9973460+02:00" testType="13cdc9d9-ddb5-4fa4-a97d-d965ccfc6d4b" outcome="Passed" testListId="8c84fa94-04c1-424b-9868-57a2d4851a1d" relativeResultsDirectory="48d0f8f3-e461-4d0f-acf7-4cbe01a74860" />
    <UnitTestResult executionId="f1629b5c-088b-4a17-85d7-391e032367c5" testId="297f17dd-58d9-5d2c-3145-cce1b04389b2" testName="Aula.Tests.AiToolsManagerTests.DeleteReminderAsync_WithInvalidReminderNumber_ReturnsError" computerName="RHO-DESKTOP" duration="00:00:00.0135150" startTime="2025-06-30T14:54:16.0381180+02:00" endTime="2025-06-30T14:54:16.0381181+02:00" testType="13cdc9d9-ddb5-4fa4-a97d-d965ccfc6d4b" outcome="Passed" testListId="8c84fa94-04c1-424b-9868-57a2d4851a1d" relativeResultsDirectory="f1629b5c-088b-4a17-85d7-391e032367c5" />
    <UnitTestResult executionId="94f7740a-4b72-4a56-984b-a3ab07e6bb36" testId="f474a327-ba64-6987-67e9-470b4b1f93cb" testName="Aula.Tests.Html2SlackMarkdownConverterTests.Convert_WithBrTags_PreservesLineBreaks" computerName="RHO-DESKTOP" duration="00:00:00.0011830" startTime="2025-06-30T14:54:15.6672729+02:00" endTime="2025-06-30T14:54:15.6672731+02:00" testType="13cdc9d9-ddb5-4fa4-a97d-d965ccfc6d4b" outcome="Passed" testListId="8c84fa94-04c1-424b-9868-57a2d4851a1d" relativeResultsDirectory="94f7740a-4b72-4a56-984b-a3ab07e6bb36" />
    <UnitTestResult executionId="9f7544e0-bdef-417e-87aa-730f98b0a1e7" testId="f40d8238-3a0f-3983-a28d-c346410cad34" testName="Aula.Tests.ReminderCommandHandlerTests.Constructor_WithNullLogger_ThrowsArgumentNullException" computerName="RHO-DESKTOP" duration="00:00:00.0005542" startTime="2025-06-30T14:54:16.0608635+02:00" endTime="2025-06-30T14:54:16.0608636+02:00" testType="13cdc9d9-ddb5-4fa4-a97d-d965ccfc6d4b" outcome="Passed" testListId="8c84fa94-04c1-424b-9868-57a2d4851a1d" relativeResultsDirectory="9f7544e0-bdef-417e-87aa-730f98b0a1e7" />
    <UnitTestResult executionId="d90e541c-1ddd-489d-b75c-206061803254" testId="ad89f264-d4c4-f617-aafc-0f2f439e7522" testName="Aula.Tests.AiToolsManagerTests.ListRemindersAsync_WithNoReminders_ReturnsEmptyMessage" computerName="RHO-DESKTOP" duration="00:00:00.0043152" startTime="2025-06-30T14:54:16.0075172+02:00" endTime="2025-06-30T14:54:16.0075175+02:00" testType="13cdc9d9-ddb5-4fa4-a97d-d965ccfc6d4b" outcome="Passed" testListId="8c84fa94-04c1-424b-9868-57a2d4851a1d" relativeResultsDirectory="d90e541c-1ddd-489d-b75c-206061803254" />
    <UnitTestResult executionId="fd2cc91d-5bf7-4cdd-8629-a79cc1051df4" testId="e2aeac7b-cd40-6cc4-b911-b570d5f5d3a1" testName="Aula.Tests.ReminderCommandHandlerTests.TryHandleReminderCommand_AddReminder_ValidFormats_ReturnsSuccess(command: &quot;remind me today at 15:30 that Emma has piano lesso&quot;···, isEnglish: True, expectedChildName: &quot;Emma Marie&quot;)" computerName="RHO-DESKTOP" duration="00:00:00.0023520" startTime="2025-06-30T14:54:16.1063977+02:00" endTime="2025-06-30T14:54:16.1063979+02:00" testType="13cdc9d9-ddb5-4fa4-a97d-d965ccfc6d4b" outcome="Passed" testListId="8c84fa94-04c1-424b-9868-57a2d4851a1d" relativeResultsDirectory="fd2cc91d-5bf7-4cdd-8629-a79cc1051df4" />
    <UnitTestResult executionId="4d1bd6ab-37a0-4ce5-b946-08dba0b33860" testId="4497803c-da15-73b3-46d2-25b6e2a16fd7" testName="Aula.Tests.FollowUpQuestionDetectorTests.IsFollowUpQuestion_WithoutFollowUpPhrases_ReturnsFalse(input: &quot;no child names here&quot;)" computerName="RHO-DESKTOP" duration="00:00:00.0002486" startTime="2025-06-30T14:54:15.8513767+02:00" endTime="2025-06-30T14:54:15.8513768+02:00" testType="13cdc9d9-ddb5-4fa4-a97d-d965ccfc6d4b" outcome="Passed" testListId="8c84fa94-04c1-424b-9868-57a2d4851a1d" relativeResultsDirectory="4d1bd6ab-37a0-4ce5-b946-08dba0b33860" />
    <UnitTestResult executionId="2349f2fe-11f7-4afa-b6bd-8f44571fe251" testId="a4e2e9a7-d3aa-2519-82f1-0f9b1d335639" testName="Aula.Tests.FollowUpQuestionDetectorTests.IsFollowUpQuestion_WithChildNameAndShortMessage_ReturnsTrue(input: &quot;EMMA&quot;)" computerName="RHO-DESKTOP" duration="00:00:00.0099761" startTime="2025-06-30T14:54:15.8041189+02:00" endTime="2025-06-30T14:54:15.8041191+02:00" testType="13cdc9d9-ddb5-4fa4-a97d-d965ccfc6d4b" outcome="Passed" testListId="8c84fa94-04c1-424b-9868-57a2d4851a1d" relativeResultsDirectory="2349f2fe-11f7-4afa-b6bd-8f44571fe251" />
    <UnitTestResult executionId="e82c2dbe-c5c7-44fb-8714-53c00923993d" testId="5ecedbe6-5389-ac95-9a91-bbc0716ca222" testName="Aula.Tests.ConfigurationTests.Slack_ChannelId_ValidationTests(channelId: &quot;&quot;, isValid: False)" computerName="RHO-DESKTOP" duration="00:00:00.0053292" startTime="2025-06-30T14:54:16.2735416+02:00" endTime="2025-06-30T14:54:16.2735418+02:00" testType="13cdc9d9-ddb5-4fa4-a97d-d965ccfc6d4b" outcome="Passed" testListId="8c84fa94-04c1-424b-9868-57a2d4851a1d" relativeResultsDirectory="e82c2dbe-c5c7-44fb-8714-53c00923993d" />
    <UnitTestResult executionId="af1dae8f-739f-4333-b5a0-3401467c95a1" testId="204e3aca-c3df-5405-7855-1f611b555279" testName="Aula.Tests.FollowUpQuestionDetectorTests.IsFollowUpQuestion_WithWhitespaceOnly_ReturnsFalse" computerName="RHO-DESKTOP" duration="00:00:00.0002870" startTime="2025-06-30T14:54:15.8592863+02:00" endTime="2025-06-30T14:54:15.8592865+02:00" testType="13cdc9d9-ddb5-4fa4-a97d-d965ccfc6d4b" outcome="Passed" testListId="8c84fa94-04c1-424b-9868-57a2d4851a1d" relativeResultsDirectory="af1dae8f-739f-4333-b5a0-3401467c95a1" />
    <UnitTestResult executionId="2074850e-8b50-4be4-b11d-bd7e76a2b738" testId="66994288-7eb6-a028-d86c-7cfc1cd6ee94" testName="Aula.Tests.FollowUpQuestionDetectorTests.IsFollowUpQuestion_WithPunctuationAroundChildName_WorksCorrectly(input: &quot;Emma!&quot;)" computerName="RHO-DESKTOP" duration="00:00:00.0000449" startTime="2025-06-30T14:54:15.7877586+02:00" endTime="2025-06-30T14:54:15.7877588+02:00" testType="13cdc9d9-ddb5-4fa4-a97d-d965ccfc6d4b" outcome="Passed" testListId="8c84fa94-04c1-424b-9868-57a2d4851a1d" relativeResultsDirectory="2074850e-8b50-4be4-b11d-bd7e76a2b738" />
    <UnitTestResult executionId="fd18bca7-a294-4eb7-8d79-4624449fee91" testId="8e2e1ca5-edd8-4417-aafb-514c33f6ab1d" testName="Aula.Tests.WeekLetterContentExtractorTests.ExtractContent_WithNullUgebreve_ReturnsEmptyString" computerName="RHO-DESKTOP" duration="00:00:00.0001469" startTime="2025-06-30T14:54:16.0014821+02:00" endTime="2025-06-30T14:54:16.0014825+02:00" testType="13cdc9d9-ddb5-4fa4-a97d-d965ccfc6d4b" outcome="Passed" testListId="8c84fa94-04c1-424b-9868-57a2d4851a1d" relativeResultsDirectory="fd18bca7-a294-4eb7-8d79-4624449fee91" />
    <UnitTestResult executionId="88a79e54-22da-4495-9c71-d91a410c5533" testId="74e059e3-cac1-1df8-e272-1f5aef63ef7b" testName="Aula.Tests.DataModelTests.PostedLetter_ContentHash_CanDetectChanges" computerName="RHO-DESKTOP" duration="00:00:00.0184028" startTime="2025-06-30T14:54:15.9946818+02:00" endTime="2025-06-30T14:54:15.9946820+02:00" testType="13cdc9d9-ddb5-4fa4-a97d-d965ccfc6d4b" outcome="Passed" testListId="8c84fa94-04c1-424b-9868-57a2d4851a1d" relativeResultsDirectory="88a79e54-22da-4495-9c71-d91a410c5533" />
    <UnitTestResult executionId="02e7ed29-c82b-43d8-b363-56e0de00594c" testId="8258315b-d09d-bbb3-3fdb-d82b074fad18" testName="Aula.Tests.Html2SlackMarkdownConverterTests.Convert_WithSimpleHtml_ConvertsCorrectly" computerName="RHO-DESKTOP" duration="00:00:00.0027903" startTime="2025-06-30T14:54:15.7602782+02:00" endTime="2025-06-30T14:54:15.7602783+02:00" testType="13cdc9d9-ddb5-4fa4-a97d-d965ccfc6d4b" outcome="Passed" testListId="8c84fa94-04c1-424b-9868-57a2d4851a1d" relativeResultsDirectory="02e7ed29-c82b-43d8-b363-56e0de00594c" />
    <UnitTestResult executionId="8cba5e1d-9c6a-4249-86aa-1e5a44d4d3f9" testId="b7cfc00b-51fd-6c69-f1fb-bda55a54e3bf" testName="Aula.Tests.ReminderCommandHandlerTests.TryHandleReminderCommand_NonMatchingPatterns_ReturnsFalse(command: &quot;remind me tomorrow at eight that non-numeric time&quot;, isEnglish: True)" computerName="RHO-DESKTOP" duration="00:00:00.0010395" startTime="2025-06-30T14:54:16.0753998+02:00" endTime="2025-06-30T14:54:16.0754000+02:00" testType="13cdc9d9-ddb5-4fa4-a97d-d965ccfc6d4b" outcome="Passed" testListId="8c84fa94-04c1-424b-9868-57a2d4851a1d" relativeResultsDirectory="8cba5e1d-9c6a-4249-86aa-1e5a44d4d3f9" />
    <UnitTestResult executionId="f1aa6b11-643e-4ab7-956d-74420030423d" testId="9ecaa183-9389-b67c-9b08-9ff782cf3e84" testName="Aula.Tests.DataModelTests.RetryAttempt_WithProperties_SetsCorrectly" computerName="RHO-DESKTOP" duration="00:00:00.0386093" startTime="2025-06-30T14:54:15.9735885+02:00" endTime="2025-06-30T14:54:15.9735887+02:00" testType="13cdc9d9-ddb5-4fa4-a97d-d965ccfc6d4b" outcome="Passed" testListId="8c84fa94-04c1-424b-9868-57a2d4851a1d" relativeResultsDirectory="f1aa6b11-643e-4ab7-956d-74420030423d" />
    <UnitTestResult executionId="5acb7bcc-5dba-419c-99cb-db409f70fbce" testId="74492250-611f-a50e-d3be-dc75a24cb5ee" testName="Aula.Tests.DataModelTests.ScheduledTask_CronExpression_CanBeSet(cronExpression: &quot;0 9 * * 1-5&quot;, description: &quot;Daily at 9 AM on weekdays&quot;)" computerName="RHO-DESKTOP" duration="00:00:00.0148890" startTime="2025-06-30T14:54:15.8291067+02:00" endTime="2025-06-30T14:54:15.8291069+02:00" testType="13cdc9d9-ddb5-4fa4-a97d-d965ccfc6d4b" outcome="Passed" testListId="8c84fa94-04c1-424b-9868-57a2d4851a1d" relativeResultsDirectory="5acb7bcc-5dba-419c-99cb-db409f70fbce" />
    <UnitTestResult executionId="9cf7c78b-c71d-4a19-9966-0837b3bc2dc9" testId="281dcc14-fe44-0239-76de-ac05c3abb189" testName="Aula.Tests.Html2SlackMarkdownConverterTests.Convert_WithScriptAndStyleTags_RemovesTagsButNotContent(html: &quot;&lt;script&gt;alert('xss')&lt;/script&gt;&lt;p&gt;Content&lt;/p&gt;&quot;)" computerName="RHO-DESKTOP" duration="00:00:00.0010073" startTime="2025-06-30T14:54:15.7240415+02:00" endTime="2025-06-30T14:54:15.7240416+02:00" testType="13cdc9d9-ddb5-4fa4-a97d-d965ccfc6d4b" outcome="Passed" testListId="8c84fa94-04c1-424b-9868-57a2d4851a1d" relativeResultsDirectory="9cf7c78b-c71d-4a19-9966-0837b3bc2dc9" />
    <UnitTestResult executionId="af06c79f-7312-4c53-a180-dedd62eaed54" testId="5e6989fd-b17e-5a0a-743a-e8e2077b36a9" testName="Aula.Tests.ConversationContextManagerTests.Manager_WithIntegerKeys_WorksCorrectly" computerName="RHO-DESKTOP" duration="00:00:00.0017828" startTime="2025-06-30T14:54:15.8971690+02:00" endTime="2025-06-30T14:54:15.8971692+02:00" testType="13cdc9d9-ddb5-4fa4-a97d-d965ccfc6d4b" outcome="Passed" testListId="8c84fa94-04c1-424b-9868-57a2d4851a1d" relativeResultsDirectory="af06c79f-7312-4c53-a180-dedd62eaed54" />
    <UnitTestResult executionId="cca36be0-34a3-4687-8bc5-a5599f18ec48" testId="eeac3a00-2bce-03c2-005e-3c8cad0e2909" testName="Aula.Tests.ConfigurationTests.OpenAi_ConfigurationIsCorrect" computerName="RHO-DESKTOP" duration="00:00:00.0063389" startTime="2025-06-30T14:54:16.3033049+02:00" endTime="2025-06-30T14:54:16.3033051+02:00" testType="13cdc9d9-ddb5-4fa4-a97d-d965ccfc6d4b" outcome="Passed" testListId="8c84fa94-04c1-424b-9868-57a2d4851a1d" relativeResultsDirectory="cca36be0-34a3-4687-8bc5-a5599f18ec48" />
    <UnitTestResult executionId="fa7ba96f-8856-4bfd-8008-f5ce3eec640d" testId="23a54595-0357-7388-9668-8a7f2a3efb27" testName="Aula.Tests.ReminderCommandHandlerTests.TryHandleReminderCommand_ListReminders_WithException_LogsErrorAndReturnsErrorMessage(command: &quot;list reminders&quot;, isEnglish: True)" computerName="RHO-DESKTOP" duration="00:00:00.0116914" startTime="2025-06-30T14:54:16.0704499+02:00" endTime="2025-06-30T14:54:16.0704500+02:00" testType="13cdc9d9-ddb5-4fa4-a97d-d965ccfc6d4b" outcome="Passed" testListId="8c84fa94-04c1-424b-9868-57a2d4851a1d" relativeResultsDirectory="fa7ba96f-8856-4bfd-8008-f5ce3eec640d" />
    <UnitTestResult executionId="95eca6bc-159b-4c4f-b446-5f0ca3ccdb88" testId="6c851695-7434-86b3-aeeb-c078e0d682fe" testName="Aula.Tests.FollowUpQuestionDetectorTests.IsFollowUpQuestion_WithChildNameAndShortMessage_ReturnsTrue(input: &quot;Emma&quot;)" computerName="RHO-DESKTOP" duration="00:00:00.0000607" startTime="2025-06-30T14:54:15.8111269+02:00" endTime="2025-06-30T14:54:15.8111271+02:00" testType="13cdc9d9-ddb5-4fa4-a97d-d965ccfc6d4b" outcome="Passed" testListId="8c84fa94-04c1-424b-9868-57a2d4851a1d" relativeResultsDirectory="95eca6bc-159b-4c4f-b446-5f0ca3ccdb88" />
    <UnitTestResult executionId="71901c4f-25d6-48b3-a8ad-72ae18720fe0" testId="33190815-aa0f-55fc-ef81-53c1057d7cb2" testName="Aula.Tests.FollowUpQuestionDetectorTests.IsFollowUpQuestion_WithEnglishFollowUpPhrases_ReturnsTrue(input: &quot;and?&quot;)" computerName="RHO-DESKTOP" duration="00:00:00.0000512" startTime="2025-06-30T14:54:15.7388715+02:00" endTime="2025-06-30T14:54:15.7388716+02:00" testType="13cdc9d9-ddb5-4fa4-a97d-d965ccfc6d4b" outcome="Passed" testListId="8c84fa94-04c1-424b-9868-57a2d4851a1d" relativeResultsDirectory="71901c4f-25d6-48b3-a8ad-72ae18720fe0" />
    <UnitTestResult executionId="87d165fe-7830-4d65-a222-37b68ff50e43" testId="26ae4368-0440-e07c-ce74-6fc7968351ba" testName="Aula.Tests.ConversationContextTests.ToString_WithAllPropertiesSet_ReturnsCorrectFormat" computerName="RHO-DESKTOP" duration="00:00:00.0314898" startTime="2025-06-30T14:54:15.6292816+02:00" endTime="2025-06-30T14:54:15.6292819+02:00" testType="13cdc9d9-ddb5-4fa4-a97d-d965ccfc6d4b" outcome="Passed" testListId="8c84fa94-04c1-424b-9868-57a2d4851a1d" relativeResultsDirectory="87d165fe-7830-4d65-a222-37b68ff50e43" />
    <UnitTestResult executionId="80b6f7a9-bedc-4fe6-af86-32471777cfb6" testId="9f407ac9-afd7-1a09-5d92-a0c0efadfac0" testName="Aula.Tests.ConfigurationTests.Slack_ConfigurationIsCorrect" computerName="RHO-DESKTOP" duration="00:00:00.0052163" startTime="2025-06-30T14:54:16.2968313+02:00" endTime="2025-06-30T14:54:16.2968314+02:00" testType="13cdc9d9-ddb5-4fa4-a97d-d965ccfc6d4b" outcome="Passed" testListId="8c84fa94-04c1-424b-9868-57a2d4851a1d" relativeResultsDirectory="80b6f7a9-bedc-4fe6-af86-32471777cfb6" />
    <UnitTestResult executionId="a67e0bff-a08b-40a8-b3d0-427cce08a54e" testId="4c199fa7-7baa-553e-b22c-e965d6c5445d" testName="Aula.Tests.FollowUpQuestionDetectorTests.IsFollowUpQuestion_WithChildNameAndShortMessage_ReturnsTrue(input: &quot;Wilson&quot;)" computerName="RHO-DESKTOP" duration="00:00:00.0000726" startTime="2025-06-30T14:54:15.8103435+02:00" endTime="2025-06-30T14:54:15.8103437+02:00" testType="13cdc9d9-ddb5-4fa4-a97d-d965ccfc6d4b" outcome="Passed" testListId="8c84fa94-04c1-424b-9868-57a2d4851a1d" relativeResultsDirectory="a67e0bff-a08b-40a8-b3d0-427cce08a54e" />
    <UnitTestResult executionId="ccd4b7b1-1f25-4022-b3d9-8840b398d7d2" testId="77620d16-c66c-b554-9874-7a6078d516d3" testName="Aula.Tests.AgentServiceTests.GetWeekLetterAsync_LogsInFirst_WhenNotLoggedIn" computerName="RHO-DESKTOP" duration="00:00:00.0342343" startTime="2025-06-30T14:54:16.0127110+02:00" endTime="2025-06-30T14:54:16.0127113+02:00" testType="13cdc9d9-ddb5-4fa4-a97d-d965ccfc6d4b" outcome="Passed" testListId="8c84fa94-04c1-424b-9868-57a2d4851a1d" relativeResultsDirectory="ccd4b7b1-1f25-4022-b3d9-8840b398d7d2" />
    <UnitTestResult executionId="4d9379f0-2d03-41b0-a71f-ef79a7097232" testId="08e22eda-ca67-c815-3390-d545408c2022" testName="Aula.Tests.JsonFormatterTests.Prettify_WithEmptyObjects_HandlesCorrectly" computerName="RHO-DESKTOP" duration="00:00:00.0019821" startTime="2025-06-30T14:54:15.9671946+02:00" endTime="2025-06-30T14:54:15.9671948+02:00" testType="13cdc9d9-ddb5-4fa4-a97d-d965ccfc6d4b" outcome="Passed" testListId="8c84fa94-04c1-424b-9868-57a2d4851a1d" relativeResultsDirectory="4d9379f0-2d03-41b0-a71f-ef79a7097232" />
    <UnitTestResult executionId="d0cff751-1050-4595-9173-a7a031b4e5aa" testId="d2df758a-6e92-20d7-5321-9a2458ff79c7" testName="Aula.Tests.ConversationContextManagerTests.ClearContext_WithExistingKey_RemovesContextAndLogs" computerName="RHO-DESKTOP" duration="00:00:00.0052224" startTime="2025-06-30T14:54:15.9000316+02:00" endTime="2025-06-30T14:54:15.9000318+02:00" testType="13cdc9d9-ddb5-4fa4-a97d-d965ccfc6d4b" outcome="Passed" testListId="8c84fa94-04c1-424b-9868-57a2d4851a1d" relativeResultsDirectory="d0cff751-1050-4595-9173-a7a031b4e5aa" />
    <UnitTestResult executionId="0439689d-3f65-446f-9245-2ce3cd2ffc22" testId="c3cad3fb-3ac9-913b-41ed-3dad3f29bf54" testName="Aula.Tests.FollowUpQuestionDetectorTests.IsFollowUpQuestion_WithChildNameAndShortMessage_ReturnsTrue(input: &quot;emma&quot;)" computerName="RHO-DESKTOP" duration="00:00:00.0009492" startTime="2025-06-30T14:54:15.8072979+02:00" endTime="2025-06-30T14:54:15.8072981+02:00" testType="13cdc9d9-ddb5-4fa4-a97d-d965ccfc6d4b" outcome="Passed" testListId="8c84fa94-04c1-424b-9868-57a2d4851a1d" relativeResultsDirectory="0439689d-3f65-446f-9245-2ce3cd2ffc22" />
    <UnitTestResult executionId="9f5b0b76-b4a7-49cf-835b-8fe2df944de5" testId="65136f73-52cb-01c4-7550-0989b0568e6d" testName="Aula.Tests.ReminderCommandHandlerTests.TryHandleReminderCommand_NonReminderCommands_ReturnsFalse(command: &quot;delete&quot;)" computerName="RHO-DESKTOP" duration="00:00:00.0000771" startTime="2025-06-30T14:54:16.0569550+02:00" endTime="2025-06-30T14:54:16.0569553+02:00" testType="13cdc9d9-ddb5-4fa4-a97d-d965ccfc6d4b" outcome="Passed" testListId="8c84fa94-04c1-424b-9868-57a2d4851a1d" relativeResultsDirectory="9f5b0b76-b4a7-49cf-835b-8fe2df944de5" />
    <UnitTestResult executionId="171f8bb5-9301-424d-b01b-72da67457358" testId="ae4a9476-bbeb-36c8-50c8-faa57e806826" testName="Aula.Tests.DataModelTests.Reminder_CreatedBy_HandlesValues(createdBy: &quot;bot&quot;, shouldAccept: True)" computerName="RHO-DESKTOP" duration="00:00:00.0000047" startTime="2025-06-30T14:54:15.9666369+02:00" endTime="2025-06-30T14:54:15.9666371+02:00" testType="13cdc9d9-ddb5-4fa4-a97d-d965ccfc6d4b" outcome="Passed" testListId="8c84fa94-04c1-424b-9868-57a2d4851a1d" relativeResultsDirectory="171f8bb5-9301-424d-b01b-72da67457358" />
    <UnitTestResult executionId="1878d531-b0c0-4bba-b5da-93088fcbcecc" testId="1445398b-f95a-9a49-bac7-8925aab3d5e1" testName="Aula.Tests.FollowUpQuestionDetectorTests.IsFollowUpQuestion_WithDanishFollowUpPhrases_ReturnsTrue(input: &quot;og?&quot;)" computerName="RHO-DESKTOP" duration="00:00:00.0038896" startTime="2025-06-30T14:54:15.7897462+02:00" endTime="2025-06-30T14:54:15.7897463+02:00" testType="13cdc9d9-ddb5-4fa4-a97d-d965ccfc6d4b" outcome="Passed" testListId="8c84fa94-04c1-424b-9868-57a2d4851a1d" relativeResultsDirectory="1878d531-b0c0-4bba-b5da-93088fcbcecc" />
    <UnitTestResult executionId="866a03aa-7116-424f-8614-b04a8166b03b" testId="67a92a6a-27fa-a1c6-510d-1fb4c46c5d0e" testName="Aula.Tests.ConfigurationTests.Slack_ChannelId_ValidationTests(channelId: &quot;   &quot;, isValid: False)" computerName="RHO-DESKTOP" duration="00:00:00.0058929" startTime="2025-06-30T14:54:16.2796650+02:00" endTime="2025-06-30T14:54:16.2796652+02:00" testType="13cdc9d9-ddb5-4fa4-a97d-d965ccfc6d4b" outcome="Passed" testListId="8c84fa94-04c1-424b-9868-57a2d4851a1d" relativeResultsDirectory="866a03aa-7116-424f-8614-b04a8166b03b" />
    <UnitTestResult executionId="c14cf429-8a1b-43de-9d6f-d676a7e5b4eb" testId="6a62d650-fe1d-5f26-308e-8cefa7e3b02e" testName="Aula.Tests.DataModelTests.ScheduledTask_CronExpression_CanBeSet(cronExpression: &quot;0 0 1 * *&quot;, description: &quot;Monthly on the 1st at midnight&quot;)" computerName="RHO-DESKTOP" duration="00:00:00.0000116" startTime="2025-06-30T14:54:15.8353631+02:00" endTime="2025-06-30T14:54:15.8353633+02:00" testType="13cdc9d9-ddb5-4fa4-a97d-d965ccfc6d4b" outcome="Passed" testListId="8c84fa94-04c1-424b-9868-57a2d4851a1d" relativeResultsDirectory="c14cf429-8a1b-43de-9d6f-d676a7e5b4eb" />
    <UnitTestResult executionId="3c93825d-b763-4408-8bc6-ce5aa17c3cfb" testId="942b21ed-5e95-17a8-5195-877ddeae341d" testName="Aula.Tests.DataModelTests.RetryAttempt_DefaultConstructor_InitializesCorrectly" computerName="RHO-DESKTOP" duration="00:00:00.0024337" startTime="2025-06-30T14:54:15.9748087+02:00" endTime="2025-06-30T14:54:15.9748088+02:00" testType="13cdc9d9-ddb5-4fa4-a97d-d965ccfc6d4b" outcome="Passed" testListId="8c84fa94-04c1-424b-9868-57a2d4851a1d" relativeResultsDirectory="3c93825d-b763-4408-8bc6-ce5aa17c3cfb" />
    <UnitTestResult executionId="d02fb591-3c58-4909-8ad6-6a9d6f530533" testId="d48f0050-ba6a-4458-2606-65b33e674626" testName="Aula.Tests.AiToolsManagerTests.ListRemindersAsync_WithReminders_ReturnsFormattedList" computerName="RHO-DESKTOP" duration="00:00:00.0166053" startTime="2025-06-30T14:54:16.0355278+02:00" endTime="2025-06-30T14:54:16.0355279+02:00" testType="13cdc9d9-ddb5-4fa4-a97d-d965ccfc6d4b" outcome="Passed" testListId="8c84fa94-04c1-424b-9868-57a2d4851a1d" relativeResultsDirectory="d02fb591-3c58-4909-8ad6-6a9d6f530533" />
    <UnitTestResult executionId="f7091df7-a46c-4864-a757-57fd0929ca97" testId="2c5225d3-b3a0-cf28-3c30-ab718f3971db" testName="Aula.Tests.SupabaseServiceTests.Constructor_WithValidConfig_InitializesCorrectly" computerName="RHO-DESKTOP" duration="00:00:00.0002576" startTime="2025-06-30T14:54:15.6355934+02:00" endTime="2025-06-30T14:54:15.6355936+02:00" testType="13cdc9d9-ddb5-4fa4-a97d-d965ccfc6d4b" outcome="Passed" testListId="8c84fa94-04c1-424b-9868-57a2d4851a1d" relativeResultsDirectory="f7091df7-a46c-4864-a757-57fd0929ca97" />
    <UnitTestResult executionId="6d546024-bd3b-4d5a-8d6a-27ed754c85d3" testId="a5631b67-daa2-093f-156b-08a914b4723f" testName="Aula.Tests.Html2SlackMarkdownConverterTests.Convert_WithNullParentNodes_HandlesGracefully" computerName="RHO-DESKTOP" duration="00:00:00.0012183" startTime="2025-06-30T14:54:15.7182964+02:00" endTime="2025-06-30T14:54:15.7182966+02:00" testType="13cdc9d9-ddb5-4fa4-a97d-d965ccfc6d4b" outcome="Passed" testListId="8c84fa94-04c1-424b-9868-57a2d4851a1d" relativeResultsDirectory="6d546024-bd3b-4d5a-8d6a-27ed754c85d3" />
    <UnitTestResult executionId="fc9c8cac-a8e6-41cc-8d43-c2c7eee2dfc6" testId="c717f39f-2eda-bf71-4a72-92ddd0cd959b" testName="Aula.Tests.FollowUpQuestionDetectorTests.IsFollowUpQuestion_WithStartingFollowUpWords_ReturnsTrue(input: &quot;og Emma&quot;)" computerName="RHO-DESKTOP" duration="00:00:00.0001986" startTime="2025-06-30T14:54:15.8382330+02:00" endTime="2025-06-30T14:54:15.8382333+02:00" testType="13cdc9d9-ddb5-4fa4-a97d-d965ccfc6d4b" outcome="Passed" testListId="8c84fa94-04c1-424b-9868-57a2d4851a1d" relativeResultsDirectory="fc9c8cac-a8e6-41cc-8d43-c2c7eee2dfc6" />
    <UnitTestResult executionId="59b2f9be-7b86-4aaa-9ba8-b1b3c49e525f" testId="edd57fbd-dd68-0179-d71d-270a583b4960" testName="Aula.Tests.Html2SlackMarkdownConverterTests.Convert_WithPartialTags_HandlesGracefully(html: &quot;&lt;/p&gt;&quot;)" computerName="RHO-DESKTOP" duration="00:00:00.0006400" startTime="2025-06-30T14:54:15.6561004+02:00" endTime="2025-06-30T14:54:15.6561005+02:00" testType="13cdc9d9-ddb5-4fa4-a97d-d965ccfc6d4b" outcome="Passed" testListId="8c84fa94-04c1-424b-9868-57a2d4851a1d" relativeResultsDirectory="59b2f9be-7b86-4aaa-9ba8-b1b3c49e525f" />
    <UnitTestResult executionId="a2c665ff-9299-4e88-902c-cc575b7347eb" testId="71d82e72-b1fe-7ffa-289c-36b71468786f" testName="Aula.Tests.ReminderCommandHandlerTests.TryHandleReminderCommand_ListReminders_ValidCommands_ReturnsRemindersList(command: &quot;liste påmindelser&quot;, isEnglish: False)" computerName="RHO-DESKTOP" duration="00:00:00.0073042" startTime="2025-06-30T14:54:16.0438561+02:00" endTime="2025-06-30T14:54:16.0438567+02:00" testType="13cdc9d9-ddb5-4fa4-a97d-d965ccfc6d4b" outcome="Passed" testListId="8c84fa94-04c1-424b-9868-57a2d4851a1d" relativeResultsDirectory="a2c665ff-9299-4e88-902c-cc575b7347eb" />
    <UnitTestResult executionId="3176dacb-64fc-4fbe-93ed-910f5b380a51" testId="1b636fa1-5134-cf00-9710-67d64d0d5432" testName="Aula.Tests.ConfigurationTests.Telegram_ConfigurationIsCorrect" computerName="RHO-DESKTOP" duration="00:00:00.0047939" startTime="2025-06-30T14:54:16.2418222+02:00" endTime="2025-06-30T14:54:16.2418224+02:00" testType="13cdc9d9-ddb5-4fa4-a97d-d965ccfc6d4b" outcome="Passed" testListId="8c84fa94-04c1-424b-9868-57a2d4851a1d" relativeResultsDirectory="3176dacb-64fc-4fbe-93ed-910f5b380a51" />
    <UnitTestResult executionId="46bbd6b4-3abc-4a49-9b1d-fbb67acba9ae" testId="c0067141-cff3-5039-1b25-a09fa4c50f14" testName="Aula.Tests.JsonFormatterTests.Prettify_WithIncompleteJson_ThrowsException(incompleteJson: &quot;}&quot;)" computerName="RHO-DESKTOP" duration="00:00:00.0002020" startTime="2025-06-30T14:54:15.9048237+02:00" endTime="2025-06-30T14:54:15.9048239+02:00" testType="13cdc9d9-ddb5-4fa4-a97d-d965ccfc6d4b" outcome="Passed" testListId="8c84fa94-04c1-424b-9868-57a2d4851a1d" relativeResultsDirectory="46bbd6b4-3abc-4a49-9b1d-fbb67acba9ae" />
    <UnitTestResult executionId="78098002-faa4-410f-9d30-6e965919b8bf" testId="09d6ba47-0b30-fd63-8462-dfdec9186853" testName="Aula.Tests.AiToolsManagerTests.CreateReminderAsync_WithInvalidDateTime_ReturnsError" computerName="RHO-DESKTOP" duration="00:00:00.0098472" startTime="2025-06-30T14:54:15.8994097+02:00" endTime="2025-06-30T14:54:15.8994099+02:00" testType="13cdc9d9-ddb5-4fa4-a97d-d965ccfc6d4b" outcome="Passed" testListId="8c84fa94-04c1-424b-9868-57a2d4851a1d" relativeResultsDirectory="78098002-faa4-410f-9d30-6e965919b8bf" />
    <UnitTestResult executionId="f1486b26-de42-4218-a220-8eddfb0cf973" testId="ca59ebb0-2989-e556-02aa-1d468c668ad6" testName="Aula.Tests.Html2SlackMarkdownConverterTests.Convert_WithSpecialCharacters_HandlesCorrectly" computerName="RHO-DESKTOP" duration="00:00:00.0209922" startTime="2025-06-30T14:54:15.6577859+02:00" endTime="2025-06-30T14:54:15.6577861+02:00" testType="13cdc9d9-ddb5-4fa4-a97d-d965ccfc6d4b" outcome="Passed" testListId="8c84fa94-04c1-424b-9868-57a2d4851a1d" relativeResultsDirectory="f1486b26-de42-4218-a220-8eddfb0cf973" />
    <UnitTestResult executionId="24fd2707-7675-4311-bd87-f5556441aea8" testId="64afb5ae-2f84-d2b0-0cea-d1a725c44de1" testName="Aula.Tests.ReminderCommandHandlerTests.TryHandleReminderCommand_AddReminder_ValidFormats_ReturnsSuccess(command: &quot;husk mig i morgen kl 8:00 at TestChild1 har Haver til ma&quot;···, isEnglish: False, expectedChildName: &quot;TestChild1 Jensen&quot;)" computerName="RHO-DESKTOP" duration="00:00:00.0029925" startTime="2025-06-30T14:54:16.1038949+02:00" endTime="2025-06-30T14:54:16.1038950+02:00" testType="13cdc9d9-ddb5-4fa4-a97d-d965ccfc6d4b" outcome="Passed" testListId="8c84fa94-04c1-424b-9868-57a2d4851a1d" relativeResultsDirectory="24fd2707-7675-4311-bd87-f5556441aea8" />
    <UnitTestResult executionId="cdf37873-4401-4415-83f5-1c83f46ef805" testId="c7d959e5-f60a-27d5-9f6b-cd8ced0d9575" testName="Aula.Tests.ReminderCommandHandlerTests.TryHandleReminderCommand_ListReminders_ValidCommands_ReturnsRemindersList(command: &quot;vis påmindelser&quot;, isEnglish: False)" computerName="RHO-DESKTOP" duration="00:00:00.0003974" startTime="2025-06-30T14:54:16.0492690+02:00" endTime="2025-06-30T14:54:16.0492692+02:00" testType="13cdc9d9-ddb5-4fa4-a97d-d965ccfc6d4b" outcome="Passed" testListId="8c84fa94-04c1-424b-9868-57a2d4851a1d" relativeResultsDirectory="cdf37873-4401-4415-83f5-1c83f46ef805" />
    <UnitTestResult executionId="8a0fd723-8814-4cee-b478-b2eccdc50557" testId="7a8c2d4e-a733-bb77-f3c3-40a3159a7011" testName="Aula.Tests.ReminderCommandHandlerTests.TryHandleReminderCommand_AddReminder_WithException_LogsErrorAndReturnsErrorMessage" computerName="RHO-DESKTOP" duration="00:00:00.0056387" startTime="2025-06-30T14:54:16.1192808+02:00" endTime="2025-06-30T14:54:16.1192809+02:00" testType="13cdc9d9-ddb5-4fa4-a97d-d965ccfc6d4b" outcome="Passed" testListId="8c84fa94-04c1-424b-9868-57a2d4851a1d" relativeResultsDirectory="8a0fd723-8814-4cee-b478-b2eccdc50557" />
    <UnitTestResult executionId="72c33aca-c628-40e5-9442-f5e2848930d2" testId="17fbe14a-e885-4a98-964d-98ba1b469896" testName="Aula.Tests.SupabaseServiceTests.TestConnectionAsync_WithoutInitialize_ReturnsFalse" computerName="RHO-DESKTOP" duration="00:00:00.1697966" startTime="2025-06-30T14:54:15.6319681+02:00" endTime="2025-06-30T14:54:15.6319683+02:00" testType="13cdc9d9-ddb5-4fa4-a97d-d965ccfc6d4b" outcome="Passed" testListId="8c84fa94-04c1-424b-9868-57a2d4851a1d" relativeResultsDirectory="72c33aca-c628-40e5-9442-f5e2848930d2" />
    <UnitTestResult executionId="a93b0540-b18c-4ee0-9db2-63380fa8dfd8" testId="6c2ab467-d636-2051-2fec-5262bc960570" testName="Aula.Tests.ReminderCommandHandlerTests.TryHandleReminderCommand_NonReminderCommands_ReturnsFalse(command: &quot;   &quot;)" computerName="RHO-DESKTOP" duration="00:00:00.0001678" startTime="2025-06-30T14:54:16.0587914+02:00" endTime="2025-06-30T14:54:16.0587916+02:00" testType="13cdc9d9-ddb5-4fa4-a97d-d965ccfc6d4b" outcome="Passed" testListId="8c84fa94-04c1-424b-9868-57a2d4851a1d" relativeResultsDirectory="a93b0540-b18c-4ee0-9db2-63380fa8dfd8" />
    <UnitTestResult executionId="c0f3ba83-10f0-44fd-bd27-029182346980" testId="c0b07dcc-8a2a-5ecf-ae92-32d9ad131741" testName="Aula.Tests.ReminderCommandHandlerTests.TryHandleReminderCommand_AddReminder_ValidFormats_ReturnsSuccess(command: &quot;remind me tomorrow at 8:00 that TestChild1 has Haver til&quot;···, isEnglish: True, expectedChildName: &quot;TestChild1 Jensen&quot;)" computerName="RHO-DESKTOP" duration="00:00:00.0025579" startTime="2025-06-30T14:54:16.1090985+02:00" endTime="2025-06-30T14:54:16.1090987+02:00" testType="13cdc9d9-ddb5-4fa4-a97d-d965ccfc6d4b" outcome="Passed" testListId="8c84fa94-04c1-424b-9868-57a2d4851a1d" relativeResultsDirectory="c0f3ba83-10f0-44fd-bd27-029182346980" />
    <UnitTestResult executionId="669996de-c055-4c7d-8fc3-b54af8d440ec" testId="1d41e5bd-1ff0-9d13-6ac0-aa6e4603bc81" testName="Aula.Tests.ConfigurationTests.Telegram_Token_ValidationTests(token: &quot;&quot;, isValidFormat: False)" computerName="RHO-DESKTOP" duration="00:00:00.0048523" startTime="2025-06-30T14:54:16.1930608+02:00" endTime="2025-06-30T14:54:16.1930610+02:00" testType="13cdc9d9-ddb5-4fa4-a97d-d965ccfc6d4b" outcome="Passed" testListId="8c84fa94-04c1-424b-9868-57a2d4851a1d" relativeResultsDirectory="669996de-c055-4c7d-8fc3-b54af8d440ec" />
    <UnitTestResult executionId="1d4fd5e9-3411-470d-80ed-aa04873afe17" testId="2ffe251c-3ec7-4cd3-4ab9-0088ca738a4d" testName="Aula.Tests.ReminderCommandHandlerTests.TryHandleReminderCommand_ListReminders_NoReminders_ReturnsNoRemindersMessage(command: &quot;vis påmindelser&quot;, isEnglish: False)" computerName="RHO-DESKTOP" duration="00:00:00.0006235" startTime="2025-06-30T14:54:16.1134356+02:00" endTime="2025-06-30T14:54:16.1134358+02:00" testType="13cdc9d9-ddb5-4fa4-a97d-d965ccfc6d4b" outcome="Passed" testListId="8c84fa94-04c1-424b-9868-57a2d4851a1d" relativeResultsDirectory="1d4fd5e9-3411-470d-80ed-aa04873afe17" />
    <UnitTestResult executionId="4aa51da5-0816-48ed-a40f-1a26dc706108" testId="d1f1c6af-3532-6076-4d18-af0fa9a6c258" testName="Aula.Tests.JsonFormatterTests.Prettify_WithMalformedJson_ThrowsJsonException" computerName="RHO-DESKTOP" duration="00:00:00.0006010" startTime="2025-06-30T14:54:16.0309827+02:00" endTime="2025-06-30T14:54:16.0309829+02:00" testType="13cdc9d9-ddb5-4fa4-a97d-d965ccfc6d4b" outcome="Passed" testListId="8c84fa94-04c1-424b-9868-57a2d4851a1d" relativeResultsDirectory="4aa51da5-0816-48ed-a40f-1a26dc706108" />
    <UnitTestResult executionId="4fa2f9c9-fb36-4fac-935e-34c7dc468aa7" testId="943dabde-2224-c9e6-d8bd-f1138646fe29" testName="Aula.Tests.FollowUpQuestionDetectorTests.IsFollowUpQuestion_WithPunctuationAroundChildName_WorksCorrectly(input: &quot;Emma's&quot;)" computerName="RHO-DESKTOP" duration="00:00:00.0002116" startTime="2025-06-30T14:54:15.7854380+02:00" endTime="2025-06-30T14:54:15.7854382+02:00" testType="13cdc9d9-ddb5-4fa4-a97d-d965ccfc6d4b" outcome="Passed" testListId="8c84fa94-04c1-424b-9868-57a2d4851a1d" relativeResultsDirectory="4fa2f9c9-fb36-4fac-935e-34c7dc468aa7" />
    <UnitTestResult executionId="da328079-57b0-493a-bb61-9fe64f9cc14b" testId="142f7f1e-17b0-ab13-6188-3168556c9de4" testName="Aula.Tests.AiToolsManagerTests.CreateReminderAsync_WithValidDateTime_CreatesReminder" computerName="RHO-DESKTOP" duration="00:00:00.0057893" startTime="2025-06-30T14:54:16.0369054+02:00" endTime="2025-06-30T14:54:16.0369057+02:00" testType="13cdc9d9-ddb5-4fa4-a97d-d965ccfc6d4b" outcome="Passed" testListId="8c84fa94-04c1-424b-9868-57a2d4851a1d" relativeResultsDirectory="da328079-57b0-493a-bb61-9fe64f9cc14b" />
    <UnitTestResult executionId="5094cafa-66f1-43c9-897e-00e56f8c37f5" testId="71ac61f7-d4f7-a0d9-7166-5b567e0096a6" testName="Aula.Tests.FollowUpQuestionDetectorTests.IsFollowUpQuestion_WithUnicodeChildNames_WorksCorrectly(input: &quot;SØREN&quot;)" computerName="RHO-DESKTOP" duration="00:00:00.0002303" startTime="2025-06-30T14:54:15.7647061+02:00" endTime="2025-06-30T14:54:15.7647062+02:00" testType="13cdc9d9-ddb5-4fa4-a97d-d965ccfc6d4b" outcome="Passed" testListId="8c84fa94-04c1-424b-9868-57a2d4851a1d" relativeResultsDirectory="5094cafa-66f1-43c9-897e-00e56f8c37f5" />
    <UnitTestResult executionId="a089844c-6ed3-4acb-a64b-df1e49a81fe4" testId="19c35c46-c9c8-02d0-18df-c07fc836c9bd" testName="Aula.Tests.FollowUpQuestionDetectorTests.IsFollowUpQuestion_WithPunctuationAroundChildName_WorksCorrectly(input: &quot;Emma,&quot;)" computerName="RHO-DESKTOP" duration="00:00:00.0000500" startTime="2025-06-30T14:54:15.7871033+02:00" endTime="2025-06-30T14:54:15.7871034+02:00" testType="13cdc9d9-ddb5-4fa4-a97d-d965ccfc6d4b" outcome="Passed" testListId="8c84fa94-04c1-424b-9868-57a2d4851a1d" relativeResultsDirectory="a089844c-6ed3-4acb-a64b-df1e49a81fe4" />
    <UnitTestResult executionId="ccc9f919-a803-4a87-b7be-8d193d5e7a09" testId="7bc06c5f-6078-c22e-3965-8967824b961b" testName="Aula.Tests.ReminderCommandHandlerTests.TryHandleReminderCommand_NonReminderCommands_ReturnsFalse(command: &quot;random text&quot;)" computerName="RHO-DESKTOP" duration="00:00:00.0000745" startTime="2025-06-30T14:54:16.0575633+02:00" endTime="2025-06-30T14:54:16.0575636+02:00" testType="13cdc9d9-ddb5-4fa4-a97d-d965ccfc6d4b" outcome="Passed" testListId="8c84fa94-04c1-424b-9868-57a2d4851a1d" relativeResultsDirectory="ccc9f919-a803-4a87-b7be-8d193d5e7a09" />
    <UnitTestResult executionId="7b71de2c-43c4-4620-8ef1-5dfb2250561a" testId="873210b2-7289-77b6-563e-8f737f6cdacd" testName="Aula.Tests.ConversationContextTests.ConversationContext_DefaultValues_AreSetCorrectly" computerName="RHO-DESKTOP" duration="00:00:00.0004460" startTime="2025-06-30T14:54:15.6269307+02:00" endTime="2025-06-30T14:54:15.6269309+02:00" testType="13cdc9d9-ddb5-4fa4-a97d-d965ccfc6d4b" outcome="Passed" testListId="8c84fa94-04c1-424b-9868-57a2d4851a1d" relativeResultsDirectory="7b71de2c-43c4-4620-8ef1-5dfb2250561a" />
    <UnitTestResult executionId="f5c65509-27f8-40ae-8ce6-af3047db0534" testId="ef2a0146-253e-1e31-7262-02ff6d001e23" testName="Aula.Tests.Html2SlackMarkdownConverterTests.Convert_WithVeryLongContent_HandlesPerformantly" computerName="RHO-DESKTOP" duration="00:00:00.3099775" startTime="2025-06-30T14:54:16.0626520+02:00" endTime="2025-06-30T14:54:16.0626522+02:00" testType="13cdc9d9-ddb5-4fa4-a97d-d965ccfc6d4b" outcome="Passed" testListId="8c84fa94-04c1-424b-9868-57a2d4851a1d" relativeResultsDirectory="f5c65509-27f8-40ae-8ce6-af3047db0534" />
    <UnitTestResult executionId="fac5b6ec-a02f-4fd4-abf4-ece3668cfab8" testId="ad116389-6275-7f79-507c-63f583df733b" testName="Aula.Tests.DataModelTests.PostedLetter_WeekNumberValidation_ReturnsExpectedResult(weekNumber: 0, year: 2023, isValid: False)" computerName="RHO-DESKTOP" duration="00:00:00.0003465" startTime="2025-06-30T14:54:15.9201259+02:00" endTime="2025-06-30T14:54:15.9201261+02:00" testType="13cdc9d9-ddb5-4fa4-a97d-d965ccfc6d4b" outcome="Passed" testListId="8c84fa94-04c1-424b-9868-57a2d4851a1d" relativeResultsDirectory="fac5b6ec-a02f-4fd4-abf4-ece3668cfab8" />
    <UnitTestResult executionId="bffa4a84-6526-4171-bf54-cac015aec0c3" testId="ff6db1a1-226f-7585-4cf9-1dafecaed657" testName="Aula.Tests.ConfigurationTests.GoogleServiceAccount_RequiredFields_ArePresent" computerName="RHO-DESKTOP" duration="00:00:00.0072480" startTime="2025-06-30T14:54:16.3150993+02:00" endTime="2025-06-30T14:54:16.3150995+02:00" testType="13cdc9d9-ddb5-4fa4-a97d-d965ccfc6d4b" outcome="Passed" testListId="8c84fa94-04c1-424b-9868-57a2d4851a1d" relativeResultsDirectory="bffa4a84-6526-4171-bf54-cac015aec0c3" />
    <UnitTestResult executionId="37755083-0f61-44a5-ae2a-b174ada2aaef" testId="549d5e83-455c-9916-2c29-9525b481e2a2" testName="Aula.Tests.FollowUpQuestionDetectorTests.IsFollowUpQuestion_WithChildNameAndShortMessage_ReturnsTrue(input: &quot;Liam&quot;)" computerName="RHO-DESKTOP" duration="00:00:00.0000619" startTime="2025-06-30T14:54:15.8085139+02:00" endTime="2025-06-30T14:54:15.8085142+02:00" testType="13cdc9d9-ddb5-4fa4-a97d-d965ccfc6d4b" outcome="Passed" testListId="8c84fa94-04c1-424b-9868-57a2d4851a1d" relativeResultsDirectory="37755083-0f61-44a5-ae2a-b174ada2aaef" />
    <UnitTestResult executionId="b5c595f3-6257-457a-ac7d-66711e5ceec0" testId="b41b972d-1ab0-8317-0238-2141162dd829" testName="Aula.Tests.FollowUpQuestionDetectorTests.IsFollowUpQuestion_WithEnglishFollowUpPhrases_ReturnsTrue(input: &quot;also Emma&quot;)" computerName="RHO-DESKTOP" duration="00:00:00.0002039" startTime="2025-06-30T14:54:15.7287162+02:00" endTime="2025-06-30T14:54:15.7287164+02:00" testType="13cdc9d9-ddb5-4fa4-a97d-d965ccfc6d4b" outcome="Passed" testListId="8c84fa94-04c1-424b-9868-57a2d4851a1d" relativeResultsDirectory="b5c595f3-6257-457a-ac7d-66711e5ceec0" />
    <UnitTestResult executionId="71662668-637f-4123-9ee5-57de12b4e6f3" testId="ab21a43a-a31f-06cc-a9b5-84fb23f89ad1" testName="Aula.Tests.FollowUpQuestionDetectorTests.IsFollowUpQuestion_WithUnicodeChildNames_WorksCorrectly(input: &quot;søren&quot;)" computerName="RHO-DESKTOP" duration="00:00:00.0002193" startTime="2025-06-30T14:54:15.7657259+02:00" endTime="2025-06-30T14:54:15.7657260+02:00" testType="13cdc9d9-ddb5-4fa4-a97d-d965ccfc6d4b" outcome="Passed" testListId="8c84fa94-04c1-424b-9868-57a2d4851a1d" relativeResultsDirectory="71662668-637f-4123-9ee5-57de12b4e6f3" />
    <UnitTestResult executionId="c89864d6-51d2-4f53-a79f-c03f1b8a4ee9" testId="bcffcaa0-fe11-4236-3a4f-1ebcf037698f" testName="Aula.Tests.ConfigurationTests.UniLogin_WithInvalidCredentials_HandlesGracefully(invalidValue: &quot;&quot;)" computerName="RHO-DESKTOP" duration="00:00:00.0044830" startTime="2025-06-30T14:54:16.2368569+02:00" endTime="2025-06-30T14:54:16.2368572+02:00" testType="13cdc9d9-ddb5-4fa4-a97d-d965ccfc6d4b" outcome="Passed" testListId="8c84fa94-04c1-424b-9868-57a2d4851a1d" relativeResultsDirectory="c89864d6-51d2-4f53-a79f-c03f1b8a4ee9" />
    <UnitTestResult executionId="e83e6a67-8145-40fc-8522-78455f22e53f" testId="c5cb529d-1b33-f127-65fe-001a88426434" testName="Aula.Tests.ConfigurationTests.Config_IConfig_Interface_IsImplemented" computerName="RHO-DESKTOP" duration="00:00:00.1746649" startTime="2025-06-30T14:54:16.1647094+02:00" endTime="2025-06-30T14:54:16.1647096+02:00" testType="13cdc9d9-ddb5-4fa4-a97d-d965ccfc6d4b" outcome="Passed" testListId="8c84fa94-04c1-424b-9868-57a2d4851a1d" relativeResultsDirectory="e83e6a67-8145-40fc-8522-78455f22e53f" />
    <UnitTestResult executionId="10474ea2-af2d-48a8-ac5a-fc695e136710" testId="408b5ea4-c27f-06f2-ddeb-ea2d0d692787" testName="Aula.Tests.ReminderCommandHandlerTests.TryHandleReminderCommand_DeleteReminder_WithException_LogsErrorAndReturnsErrorMessage(command: &quot;delete reminder 999&quot;, isEnglish: True)" computerName="RHO-DESKTOP" duration="00:00:00.0058554" startTime="2025-06-30T14:54:16.1252995+02:00" endTime="2025-06-30T14:54:16.1252997+02:00" testType="13cdc9d9-ddb5-4fa4-a97d-d965ccfc6d4b" outcome="Passed" testListId="8c84fa94-04c1-424b-9868-57a2d4851a1d" relativeResultsDirectory="10474ea2-af2d-48a8-ac5a-fc695e136710" />
    <UnitTestResult executionId="3e001f91-0ffe-463a-a6d6-e20d7a703d39" testId="f71a9cf2-e87f-53c7-81b6-982213254d6d" testName="Aula.Tests.FollowUpQuestionDetectorTests.IsFollowUpQuestion_WithShortFollowUps_ReturnsTrue(input: &quot;short?&quot;)" computerName="RHO-DESKTOP" duration="00:00:00.0001990" startTime="2025-06-30T14:54:15.7475516+02:00" endTime="2025-06-30T14:54:15.7475517+02:00" testType="13cdc9d9-ddb5-4fa4-a97d-d965ccfc6d4b" outcome="Passed" testListId="8c84fa94-04c1-424b-9868-57a2d4851a1d" relativeResultsDirectory="3e001f91-0ffe-463a-a6d6-e20d7a703d39" />
    <UnitTestResult executionId="20b502ce-2fe8-4e5a-bdda-21e746c7b8c4" testId="82a1127e-bbc6-7cb8-e118-53b09c11d988" testName="Aula.Tests.FollowUpQuestionDetectorTests.IsFollowUpQuestion_WithoutFollowUpPhrases_ReturnsFalse(input: &quot;hello&quot;)" computerName="RHO-DESKTOP" duration="00:00:00.0009923" startTime="2025-06-30T14:54:15.8507400+02:00" endTime="2025-06-30T14:54:15.8507401+02:00" testType="13cdc9d9-ddb5-4fa4-a97d-d965ccfc6d4b" outcome="Passed" testListId="8c84fa94-04c1-424b-9868-57a2d4851a1d" relativeResultsDirectory="20b502ce-2fe8-4e5a-bdda-21e746c7b8c4" />
    <UnitTestResult executionId="affdfec1-b842-4c40-9b65-c068a2547d6f" testId="8b6eaa2e-34e8-88d7-25cb-d10ffb8ecda4" testName="Aula.Tests.Html2SlackMarkdownConverterTests.Convert_WithNullInput_ReturnsEmptyString" computerName="RHO-DESKTOP" duration="00:00:00.0020756" startTime="2025-06-30T14:54:15.6650481+02:00" endTime="2025-06-30T14:54:15.6650483+02:00" testType="13cdc9d9-ddb5-4fa4-a97d-d965ccfc6d4b" outcome="Passed" testListId="8c84fa94-04c1-424b-9868-57a2d4851a1d" relativeResultsDirectory="affdfec1-b842-4c40-9b65-c068a2547d6f" />
    <UnitTestResult executionId="90579d05-5378-40d3-9483-d051c0139b6f" testId="b4b082ed-1d4f-eb47-7e00-be6e8b156309" testName="Aula.Tests.ReminderCommandHandlerTests.TryHandleReminderCommand_ListReminders_ValidCommands_ReturnsRemindersList(command: &quot;show reminders&quot;, isEnglish: True)" computerName="RHO-DESKTOP" duration="00:00:00.0005240" startTime="2025-06-30T14:54:16.0477221+02:00" endTime="2025-06-30T14:54:16.0477224+02:00" testType="13cdc9d9-ddb5-4fa4-a97d-d965ccfc6d4b" outcome="Passed" testListId="8c84fa94-04c1-424b-9868-57a2d4851a1d" relativeResultsDirectory="90579d05-5378-40d3-9483-d051c0139b6f" />
    <UnitTestResult executionId="3099ffa7-1264-49bb-9ef3-5d42678152de" testId="5ffcae99-6a0b-43fd-fa72-fb4ae62d545a" testName="Aula.Tests.WeekLetterContentExtractorTests.ExtractContent_WithException_ReturnsEmptyStringAndLogsError" computerName="RHO-DESKTOP" duration="00:00:00.0346678" startTime="2025-06-30T14:54:16.0110223+02:00" endTime="2025-06-30T14:54:16.0110225+02:00" testType="13cdc9d9-ddb5-4fa4-a97d-d965ccfc6d4b" outcome="Passed" testListId="8c84fa94-04c1-424b-9868-57a2d4851a1d" relativeResultsDirectory="3099ffa7-1264-49bb-9ef3-5d42678152de" />
    <UnitTestResult executionId="5c4c8d5c-ead6-4106-830d-d8d868385102" testId="02e0bfc0-9c86-c234-d785-e1c47d9057f5" testName="Aula.Tests.DataModelTests.Reminder_WithProperties_SetsCorrectly" computerName="RHO-DESKTOP" duration="00:00:00.0012165" startTime="2025-06-30T14:54:15.9960754+02:00" endTime="2025-06-30T14:54:15.9960756+02:00" testType="13cdc9d9-ddb5-4fa4-a97d-d965ccfc6d4b" outcome="Passed" testListId="8c84fa94-04c1-424b-9868-57a2d4851a1d" relativeResultsDirectory="5c4c8d5c-ead6-4106-830d-d8d868385102" />
    <UnitTestResult executionId="625e0fb8-b23b-46bf-8eb9-28f4f7d40e34" testId="aad7565e-d907-77cd-04ed-688cfaeab063" testName="Aula.Tests.AiToolsManagerTests.GetWeekLetters_WithNonExistentChild_ReturnsError" computerName="RHO-DESKTOP" duration="00:00:00.0165835" startTime="2025-06-30T14:54:15.8940153+02:00" endTime="2025-06-30T14:54:15.8940154+02:00" testType="13cdc9d9-ddb5-4fa4-a97d-d965ccfc6d4b" outcome="Passed" testListId="8c84fa94-04c1-424b-9868-57a2d4851a1d" relativeResultsDirectory="625e0fb8-b23b-46bf-8eb9-28f4f7d40e34" />
    <UnitTestResult executionId="fa40438d-09a8-42d8-bc11-a9c95f1e5844" testId="b867618e-01c0-33be-49c3-e7b99c460f6f" testName="Aula.Tests.ConversationContextTests.ConversationContext_Properties_CanBeSet" computerName="RHO-DESKTOP" duration="00:00:00.0747538" startTime="2025-06-30T14:54:15.6304445+02:00" endTime="2025-06-30T14:54:15.6304446+02:00" testType="13cdc9d9-ddb5-4fa4-a97d-d965ccfc6d4b" outcome="Passed" testListId="8c84fa94-04c1-424b-9868-57a2d4851a1d" relativeResultsDirectory="fa40438d-09a8-42d8-bc11-a9c95f1e5844" />
    <UnitTestResult executionId="039beb6a-59ab-4b2f-8396-2b3688531dc8" testId="ad82e8f2-6369-caf4-0e22-ade0ad1e294e" testName="Aula.Tests.DataModelTests.PostedLetter_WeekNumberValidation_ReturnsExpectedResult(weekNumber: 54, year: 2023, isValid: False)" computerName="RHO-DESKTOP" duration="00:00:00.0000088" startTime="2025-06-30T14:54:15.9219083+02:00" endTime="2025-06-30T14:54:15.9219085+02:00" testType="13cdc9d9-ddb5-4fa4-a97d-d965ccfc6d4b" outcome="Passed" testListId="8c84fa94-04c1-424b-9868-57a2d4851a1d" relativeResultsDirectory="039beb6a-59ab-4b2f-8396-2b3688531dc8" />
    <UnitTestResult executionId="e4db03c2-f19a-49f3-9f4c-31b2181d3f1e" testId="93769d39-d67b-db65-02fb-ed3966dd3d05" testName="Aula.Tests.ReminderCommandHandlerTests.TryHandleReminderCommand_ListReminders_OrdersByDateAndTime" computerName="RHO-DESKTOP" duration="00:00:00.0036539" startTime="2025-06-30T14:54:16.1430925+02:00" endTime="2025-06-30T14:54:16.1430927+02:00" testType="13cdc9d9-ddb5-4fa4-a97d-d965ccfc6d4b" outcome="Passed" testListId="8c84fa94-04c1-424b-9868-57a2d4851a1d" relativeResultsDirectory="e4db03c2-f19a-49f3-9f4c-31b2181d3f1e" />
    <UnitTestResult executionId="36914d92-0272-427d-b309-ca4706af890e" testId="f7a37c97-117c-3749-dcc9-98d91c408b45" testName="Aula.Tests.DataModelTests.ConfigChild_Properties_WorkCorrectly" computerName="RHO-DESKTOP" duration="00:00:00.0008776" startTime="2025-06-30T14:54:15.9697866+02:00" endTime="2025-06-30T14:54:15.9697867+02:00" testType="13cdc9d9-ddb5-4fa4-a97d-d965ccfc6d4b" outcome="Passed" testListId="8c84fa94-04c1-424b-9868-57a2d4851a1d" relativeResultsDirectory="36914d92-0272-427d-b309-ca4706af890e" />
    <UnitTestResult executionId="1913ba39-9d98-4219-8c11-c12fadcb284e" testId="219643f6-d33f-37e3-aaa1-e7138cea0b58" testName="Aula.Tests.AgentServiceTests.LoginAsync_CallsClientLoginAsync" computerName="RHO-DESKTOP" duration="00:00:00.0035787" startTime="2025-06-30T14:54:15.9729975+02:00" endTime="2025-06-30T14:54:15.9729976+02:00" testType="13cdc9d9-ddb5-4fa4-a97d-d965ccfc6d4b" outcome="Passed" testListId="8c84fa94-04c1-424b-9868-57a2d4851a1d" relativeResultsDirectory="1913ba39-9d98-4219-8c11-c12fadcb284e" />
    <UnitTestResult executionId="ae795404-4fe1-4140-9b0f-5cc9a6496807" testId="9a581bdb-651e-2248-6e0c-fc756229c2c3" testName="Aula.Tests.Html2SlackMarkdownConverterTests.Convert_WithEmptyString_ReturnsEmptyString" computerName="RHO-DESKTOP" duration="00:00:00.0001286" startTime="2025-06-30T14:54:15.6667035+02:00" endTime="2025-06-30T14:54:15.6667037+02:00" testType="13cdc9d9-ddb5-4fa4-a97d-d965ccfc6d4b" outcome="Passed" testListId="8c84fa94-04c1-424b-9868-57a2d4851a1d" relativeResultsDirectory="ae795404-4fe1-4140-9b0f-5cc9a6496807" />
    <UnitTestResult executionId="43ada989-e598-46e3-ad01-d6e12056f3fb" testId="40be1066-bc24-efeb-1d63-5e1fb190c4c3" testName="Aula.Tests.FollowUpQuestionDetectorTests.IsFollowUpQuestion_WithStartingFollowUpWords_ReturnsTrue(input: &quot;and Liam&quot;)" computerName="RHO-DESKTOP" duration="00:00:00.0000604" startTime="2025-06-30T14:54:15.8489207+02:00" endTime="2025-06-30T14:54:15.8489209+02:00" testType="13cdc9d9-ddb5-4fa4-a97d-d965ccfc6d4b" outcome="Passed" testListId="8c84fa94-04c1-424b-9868-57a2d4851a1d" relativeResultsDirectory="43ada989-e598-46e3-ad01-d6e12056f3fb" />
    <UnitTestResult executionId="cb3e3fdb-9f09-4e1a-b1f6-0035bcadb442" testId="9c9b71dd-4d7d-520b-307c-b4e1d2176cf7" testName="Aula.Tests.SupabaseServiceTests.WeekLetterParameters_WithValidValues_AreInValidRange(childName: &quot;TestChild&quot;, weekNumber: 42, year: 2023)" computerName="RHO-DESKTOP" duration="00:00:00.0001715" startTime="2025-06-30T14:54:15.6361965+02:00" endTime="2025-06-30T14:54:15.6361968+02:00" testType="13cdc9d9-ddb5-4fa4-a97d-d965ccfc6d4b" outcome="Passed" testListId="8c84fa94-04c1-424b-9868-57a2d4851a1d" relativeResultsDirectory="cb3e3fdb-9f09-4e1a-b1f6-0035bcadb442" />
    <UnitTestResult executionId="97eb9813-fb0e-48a1-9ad9-e371da7c5b42" testId="e595555b-853d-855f-8677-d11613276401" testName="Aula.Tests.ConfigurationTests.Slack_ChannelId_ValidationTests(channelId: &quot;C1234567890&quot;, isValid: True)" computerName="RHO-DESKTOP" duration="00:00:00.0049847" startTime="2025-06-30T14:54:16.2680197+02:00" endTime="2025-06-30T14:54:16.2680199+02:00" testType="13cdc9d9-ddb5-4fa4-a97d-d965ccfc6d4b" outcome="Passed" testListId="8c84fa94-04c1-424b-9868-57a2d4851a1d" relativeResultsDirectory="97eb9813-fb0e-48a1-9ad9-e371da7c5b42" />
    <UnitTestResult executionId="84811c7e-0bd1-40c3-b608-b4e2f9c418c1" testId="f24d6e30-21bb-1e30-8b8c-e707fc0e6f62" testName="Aula.Tests.WeekLetterContentExtractorTests.ExtractContent_WithNullIndhold_ReturnsEmptyString" computerName="RHO-DESKTOP" duration="00:00:00.0030176" startTime="2025-06-30T14:54:16.0166663+02:00" endTime="2025-06-30T14:54:16.0166665+02:00" testType="13cdc9d9-ddb5-4fa4-a97d-d965ccfc6d4b" outcome="Passed" testListId="8c84fa94-04c1-424b-9868-57a2d4851a1d" relativeResultsDirectory="84811c7e-0bd1-40c3-b608-b4e2f9c418c1" />
[...]
    <TestEntry testId="8eed6c75-98d1-9027-9bd8-899f05f0ffe7" executionId="3ad1a8df-8726-41a5-a5d7-f4c81a7ca04d" testListId="8c84fa94-04c1-424b-9868-57a2d4851a1d" />
    <TestEntry testId="60a37e83-4e64-aa16-4919-f59a57e2c7d6" executionId="b9eb0b53-4c58-44d6-aa33-0ef1432b0c63" testListId="8c84fa94-04c1-424b-9868-57a2d4851a1d" />
    <TestEntry testId="3ee2a68c-ea1f-6e98-6347-57ff85cbe3e0" executionId="97ab3ad4-13a1-4516-810c-7820e6a930e0" testListId="8c84fa94-04c1-424b-9868-57a2d4851a1d" />
    <TestEntry testId="54a072f7-4386-8314-18b7-ae27f4d320dd" executionId="eb6260b5-16f3-410c-beb1-d52cb667b749" testListId="8c84fa94-04c1-424b-9868-57a2d4851a1d" />
    <TestEntry testId="b62ad4f9-1cee-e857-edf6-c6b178899d19" executionId="c615bfea-4340-4f3a-8a0d-9068d7586fa6" testListId="8c84fa94-04c1-424b-9868-57a2d4851a1d" />
    <TestEntry testId="938a317b-aa01-ceab-2ffc-83628e95b3be" executionId="418245d2-92d9-435f-b43b-2b0dba3cfaa1" testListId="8c84fa94-04c1-424b-9868-57a2d4851a1d" />
    <TestEntry testId="9862d09f-c3eb-023d-4a95-8928806e0371" executionId="82e3c541-1267-4471-961e-6533f4079c0b" testListId="8c84fa94-04c1-424b-9868-57a2d4851a1d" />
    <TestEntry testId="27142d20-486e-24fa-6968-6a7ee8befbb1" executionId="845498b1-0178-42ff-ac8f-862c6280421c" testListId="8c84fa94-04c1-424b-9868-57a2d4851a1d" />
    <TestEntry testId="f7517819-f3a2-6d8d-afbc-d5f9f50d6f6c" executionId="0a8edca6-3ca0-4cbc-957c-8c6a2453c937" testListId="8c84fa94-04c1-424b-9868-57a2d4851a1d" />
    <TestEntry testId="ae5d3535-e946-0875-de3d-ba4cf0206101" executionId="45c7d8d5-5746-40f8-8caf-296ace815aac" testListId="8c84fa94-04c1-424b-9868-57a2d4851a1d" />
    <TestEntry testId="36e287ad-f8b2-447c-3cdb-efd9a08a2307" executionId="a9af923b-4c1c-4cc8-8fe8-f26509bc23b6" testListId="8c84fa94-04c1-424b-9868-57a2d4851a1d" />
    <TestEntry testId="c2478ef3-ba63-d6e0-2fae-89fd1b75b9a1" executionId="b6dc36f4-8660-4867-9d00-d12e08f85b77" testListId="8c84fa94-04c1-424b-9868-57a2d4851a1d" />
    <TestEntry testId="5f89fa6e-e15e-3044-a539-29f7b7145b16" executionId="93b1222c-d01d-46ec-9c9a-db501a149910" testListId="8c84fa94-04c1-424b-9868-57a2d4851a1d" />
    <TestEntry testId="7a9b0109-c521-1103-f931-85f2eda29158" executionId="43a161d2-f73c-4b2b-a33b-1c9b22e2967c" testListId="8c84fa94-04c1-424b-9868-57a2d4851a1d" />
    <TestEntry testId="3fbe81b9-b4ee-f7db-01e0-1f82c4127dd8" executionId="e54f6de4-995d-4ff3-96a2-4aa620e9f144" testListId="8c84fa94-04c1-424b-9868-57a2d4851a1d" />
    <TestEntry testId="5c7a5f22-b2de-14ec-ec84-2db1b11d5a10" executionId="c79ea38b-e9eb-4b91-807d-9c38e7e080e4" testListId="8c84fa94-04c1-424b-9868-57a2d4851a1d" />
    <TestEntry testId="31811564-5220-4235-7f79-f35448fd059c" executionId="38e1d607-87ec-4f90-8aba-bc69c99387f9" testListId="8c84fa94-04c1-424b-9868-57a2d4851a1d" />
    <TestEntry testId="b0bd10e4-5372-0bfd-1282-a335a1f43196" executionId="9099cc6f-cc49-473e-8d6f-e032d0ab6ec1" testListId="8c84fa94-04c1-424b-9868-57a2d4851a1d" />
    <TestEntry testId="01a6237b-a1c4-d7e7-eb41-3ae2f90107f5" executionId="6a243bdb-f674-4038-812e-cdb5ce35bc5b" testListId="8c84fa94-04c1-424b-9868-57a2d4851a1d" />
    <TestEntry testId="7f544e09-47c3-ba32-619f-4e98e1711ce4" executionId="fbb249e6-6519-44cf-98b5-6c95d8640552" testListId="8c84fa94-04c1-424b-9868-57a2d4851a1d" />
    <TestEntry testId="610e1e11-bf64-18a4-e0b2-b0fd40664f94" executionId="13f666ee-d53f-4733-86bf-c587911de383" testListId="8c84fa94-04c1-424b-9868-57a2d4851a1d" />
    <TestEntry testId="4b11a4eb-f9f8-4d35-32b2-8d0335387284" executionId="20ba27ef-afd4-4021-a06b-cd209968e98d" testListId="8c84fa94-04c1-424b-9868-57a2d4851a1d" />
    <TestEntry testId="41f646b1-00ba-3b07-a7c0-9a13346690af" executionId="41ef9205-b367-42a6-bea5-82c9e2e71900" testListId="8c84fa94-04c1-424b-9868-57a2d4851a1d" />
    <TestEntry testId="5dbf4eb2-4739-ba56-f229-461a6c74098e" executionId="ab422acb-1a1d-40dc-b4af-de4f4fe35f7a" testListId="8c84fa94-04c1-424b-9868-57a2d4851a1d" />
    <TestEntry testId="586249f8-4f0e-860e-0a9b-fbdd76dc0b42" executionId="9a8dbb35-4b79-463f-bda0-211a85feabe8" testListId="8c84fa94-04c1-424b-9868-57a2d4851a1d" />
    <TestEntry testId="5346cfe3-9ae8-aad6-8d5c-60e2e3c82816" executionId="485182b1-148a-4744-8800-ab10e7d7b9ff" testListId="8c84fa94-04c1-424b-9868-57a2d4851a1d" />
    <TestEntry testId="95dd754c-8cf9-9bb4-f2e9-d51af8157f15" executionId="7e70ddc9-4069-41e7-99ae-f9989de8e1b1" testListId="8c84fa94-04c1-424b-9868-57a2d4851a1d" />
    <TestEntry testId="95cab534-7798-4d17-c33d-132f4e35d80a" executionId="5738a1ec-4105-423e-aae3-2ffd39dd766d" testListId="8c84fa94-04c1-424b-9868-57a2d4851a1d" />
    <TestEntry testId="2e6dc835-309c-920c-4430-fe40f9533e03" executionId="7a7d2bcc-4a00-40bd-a5a1-26d1e437571b" testListId="8c84fa94-04c1-424b-9868-57a2d4851a1d" />
    <TestEntry testId="af444ff1-3cd0-9477-d2a1-61918623b47b" executionId="2e1ac8e4-ac57-4e97-adc3-aed46a9c10bb" testListId="8c84fa94-04c1-424b-9868-57a2d4851a1d" />
    <TestEntry testId="87d02a4b-d70d-c476-8dfe-e0652123fdda" executionId="8c06c699-a71a-40cc-a7ba-fe25541b0f05" testListId="8c84fa94-04c1-424b-9868-57a2d4851a1d" />
    <TestEntry testId="6210dd9d-dca7-b5e7-12e5-95bce025fbf7" executionId="0ab4541c-1cef-4815-a5ae-42fc1ef8079b" testListId="8c84fa94-04c1-424b-9868-57a2d4851a1d" />
    <TestEntry testId="e4e7d1cd-51f0-602c-7693-e89a469818bd" executionId="5aa35fac-0900-4ecb-97ee-e167dec53427" testListId="8c84fa94-04c1-424b-9868-57a2d4851a1d" />
    <TestEntry testId="31b689c6-9948-f762-463c-b682b5f42711" executionId="2dffd68f-29ff-4b9d-bcca-f34c986e3ef0" testListId="8c84fa94-04c1-424b-9868-57a2d4851a1d" />
    <TestEntry testId="00218719-2ce3-7ba3-dfee-59929e732c27" executionId="c6e57213-b47f-45ef-b285-06e695b1063b" testListId="8c84fa94-04c1-424b-9868-57a2d4851a1d" />
    <TestEntry testId="9e9c0d3b-0291-6e8b-60da-193ed79d768e" executionId="938f7332-c35e-49a9-890b-515d214ff6cf" testListId="8c84fa94-04c1-424b-9868-57a2d4851a1d" />
    <TestEntry testId="f43c22c8-8007-4bf9-817b-9e4b3dce996f" executionId="16a6948e-7078-4014-a7ab-938a3ae39e39" testListId="8c84fa94-04c1-424b-9868-57a2d4851a1d" />
    <TestEntry testId="c12abf73-6b6c-136a-403c-9f0baa6f0245" executionId="5c1dceda-5c2a-4425-a86a-b0355fec0453" testListId="8c84fa94-04c1-424b-9868-57a2d4851a1d" />
    <TestEntry testId="a8016630-cd75-c8fc-f44e-dfb80e09866b" executionId="c8fb4685-c182-44d1-8ec3-b5cf67ea7290" testListId="8c84fa94-04c1-424b-9868-57a2d4851a1d" />
    <TestEntry testId="7e5fa51a-9f66-d389-1e81-dca47416e573" executionId="6cb670ed-bc32-4e5c-8150-ad2501a292ee" testListId="8c84fa94-04c1-424b-9868-57a2d4851a1d" />
    <TestEntry testId="dbfd19d1-7bd8-98dc-78f3-146d5d04280d" executionId="fe817850-5c78-495c-99e1-37d74bcb6562" testListId="8c84fa94-04c1-424b-9868-57a2d4851a1d" />
    <TestEntry testId="16a775e1-0a61-8a60-62e8-6d46a3c0c6ea" executionId="96fd7b1c-5335-4cfb-860b-83473fd81bf0" testListId="8c84fa94-04c1-424b-9868-57a2d4851a1d" />
    <TestEntry testId="adc3d804-48d6-99b1-dc8b-55ab91214755" executionId="0488b826-69b2-4fff-99e0-08acda1b853f" testListId="8c84fa94-04c1-424b-9868-57a2d4851a1d" />
    <TestEntry testId="cf02452a-bb08-57e3-6e3d-9a2b33a6786d" executionId="ec425088-8547-452c-a115-74e148f0c830" testListId="8c84fa94-04c1-424b-9868-57a2d4851a1d" />
    <TestEntry testId="4e94c03f-8e60-9150-df64-2aa4ba1c61f4" executionId="af6e2eff-c2d2-4f1b-be64-2fec2a9be670" testListId="8c84fa94-04c1-424b-9868-57a2d4851a1d" />
    <TestEntry testId="3dce9625-e41a-4610-8ef9-75ada012faf5" executionId="f3c3443a-18c5-4be0-81a2-a18ef1cf520c" testListId="8c84fa94-04c1-424b-9868-57a2d4851a1d" />
    <TestEntry testId="e1ae0c93-01f5-a60b-3231-5038b13f7df0" executionId="7f8dcef1-69b3-4ec0-bd4e-85d2a19821d1" testListId="8c84fa94-04c1-424b-9868-57a2d4851a1d" />
    <TestEntry testId="cd2e93d5-9215-d57f-0b45-c010f7f4e263" executionId="2335c325-cc2b-4c87-aa91-f97b46bed63b" testListId="8c84fa94-04c1-424b-9868-57a2d4851a1d" />
    <TestEntry testId="e22e5398-ae5a-21a8-5d81-30f04feb1277" executionId="04562a13-9eb9-4800-a114-8e08a8251ca4" testListId="8c84fa94-04c1-424b-9868-57a2d4851a1d" />
    <TestEntry testId="0185b09f-568e-ef7e-cbb7-2771f33a3924" executionId="2df62d18-ee7c-4829-9b50-f47c097419c5" testListId="8c84fa94-04c1-424b-9868-57a2d4851a1d" />
    <TestEntry testId="3c880c0a-ad15-815a-3b2e-c8ecb946f77b" executionId="4ef3275c-3258-4f68-96aa-7fce1917a4e5" testListId="8c84fa94-04c1-424b-9868-57a2d4851a1d" />
    <TestEntry testId="b9fbad7a-d782-b1ac-c26d-6db5783c2941" executionId="153b990a-7980-44d0-8473-0c6e18573484" testListId="8c84fa94-04c1-424b-9868-57a2d4851a1d" />
    <TestEntry testId="0dd17563-063f-ed46-f732-7a7f9fd5c97d" executionId="cc49466b-7981-4e4e-81e9-ec97bd2643e0" testListId="8c84fa94-04c1-424b-9868-57a2d4851a1d" />
    <TestEntry testId="089e785f-e954-a5d0-8e9c-aa95327c1053" executionId="4917f3fd-013c-45ab-9351-9afe43c915c6" testListId="8c84fa94-04c1-424b-9868-57a2d4851a1d" />
    <TestEntry testId="91fab8c4-13df-a10e-0eb4-503d283095cc" executionId="a71f65bb-0b71-49af-aecd-ce2567cd374b" testListId="8c84fa94-04c1-424b-9868-57a2d4851a1d" />
    <TestEntry testId="6ef88a26-3433-973b-8003-dc85ef824f38" executionId="7f106e18-177a-4f62-9f5c-dec997c1a766" testListId="8c84fa94-04c1-424b-9868-57a2d4851a1d" />
    <TestEntry testId="ab6968f0-c312-fb08-a6c5-5cfd232d0cfa" executionId="cc4c61c5-9428-4c60-a005-96ce636056c6" testListId="8c84fa94-04c1-424b-9868-57a2d4851a1d" />
    <TestEntry testId="3a9a03ac-c18b-9743-2beb-08ab9c66f8ac" executionId="16dbab17-9cb5-4e33-9043-f4ab02882ab3" testListId="8c84fa94-04c1-424b-9868-57a2d4851a1d" />
    <TestEntry testId="9c439253-c022-9a6e-8ed4-591a5445e9ed" executionId="0b9b95f1-4e5b-4e6b-b3c4-e89782966738" testListId="8c84fa94-04c1-424b-9868-57a2d4851a1d" />
    <TestEntry testId="1971e2e8-cfe4-57b6-db39-3cde5f6192a1" executionId="e29ed96e-48fb-4417-be77-88ea146f28c7" testListId="8c84fa94-04c1-424b-9868-57a2d4851a1d" />
    <TestEntry testId="957c0c25-76cf-80ee-b5e3-32573ab49008" executionId="5a381327-c16f-469a-b7a1-66b9fbb22113" testListId="8c84fa94-04c1-424b-9868-57a2d4851a1d" />
    <TestEntry testId="64e4f3ab-67c9-4261-6d8e-3c556350f7bf" executionId="839978f1-b291-4049-9a1a-fd2a63a88c72" testListId="8c84fa94-04c1-424b-9868-57a2d4851a1d" />
    <TestEntry testId="8eb60958-2ba0-2e8e-ec5e-6fbfe8222470" executionId="5bd811da-c5db-4ebd-ad46-44a02ceb35b3" testListId="8c84fa94-04c1-424b-9868-57a2d4851a1d" />
    <TestEntry testId="262d94cc-a85c-1e5a-9e1e-cc1c204a6b66" executionId="9dd85c04-420b-4837-b0c9-3b67a2588d18" testListId="8c84fa94-04c1-424b-9868-57a2d4851a1d" />
    <TestEntry testId="e81607c6-d432-2cc5-4cbe-09c826110fa1" executionId="b1f80de4-ad2d-4198-85fd-4cd62b10a0ef" testListId="8c84fa94-04c1-424b-9868-57a2d4851a1d" />
    <TestEntry testId="6905547c-db7d-9925-c49f-85356c8dacc4" executionId="5f965ab4-95e0-48b5-a437-8607543d03eb" testListId="8c84fa94-04c1-424b-9868-57a2d4851a1d" />
    <TestEntry testId="11e32d18-555c-9b8f-35f9-8038c68a172e" executionId="11004e24-1359-44af-bf4f-20cbf55bd0fb" testListId="8c84fa94-04c1-424b-9868-57a2d4851a1d" />
    <TestEntry testId="01b9c9cc-1e77-6ec1-2135-9b241666c0bb" executionId="f5d935e8-0440-4f4a-b44f-5f16dcbebb4b" testListId="8c84fa94-04c1-424b-9868-57a2d4851a1d" />
    <TestEntry testId="494fa121-3990-4e60-5af3-08bb45b54b87" executionId="1ac03d56-efc6-4e07-98bc-23402615ac67" testListId="8c84fa94-04c1-424b-9868-57a2d4851a1d" />
    <TestEntry testId="11387216-9353-1236-6f70-1f327e3d4488" executionId="ba9694d5-12f9-4fae-8c1c-806a8201b1ce" testListId="8c84fa94-04c1-424b-9868-57a2d4851a1d" />
    <TestEntry testId="62dd9ffb-82d8-59bc-0fa4-b14db958bf48" executionId="907b6e62-dcc0-4cac-91d8-5ca0b2ac5455" testListId="8c84fa94-04c1-424b-9868-57a2d4851a1d" />
    <TestEntry testId="59934140-5d40-dca5-1e08-ba4059c74c40" executionId="ff06ec20-59b7-418d-ae07-3c1c09ae10a6" testListId="8c84fa94-04c1-424b-9868-57a2d4851a1d" />
    <TestEntry testId="26cbb005-a86b-218f-a04c-94612f8aba4f" executionId="1bae57d8-8198-464d-8549-f3384b81ee42" testListId="8c84fa94-04c1-424b-9868-57a2d4851a1d" />
    <TestEntry testId="cb96c16f-9f35-29b1-339a-54f41392a6bc" executionId="ff7f4dff-4cdd-4a72-911e-268db3be07ba" testListId="8c84fa94-04c1-424b-9868-57a2d4851a1d" />
    <TestEntry testId="0ed7ab3d-b8e8-a9e8-e656-7a53f3a4e834" executionId="4213d857-5ba0-4f28-aff4-963dcd99c8ad" testListId="8c84fa94-04c1-424b-9868-57a2d4851a1d" />
    <TestEntry testId="7196a211-bb2c-a283-770b-eff1a842ed0b" executionId="4184b353-0de1-43ed-9006-e156171b744e" testListId="8c84fa94-04c1-424b-9868-57a2d4851a1d" />
    <TestEntry testId="c3004f8d-9da0-2379-33f4-00faffb78547" executionId="4b7e60c4-ba0f-407e-85c8-4082eaa2c5ac" testListId="8c84fa94-04c1-424b-9868-57a2d4851a1d" />
    <TestEntry testId="40da04fa-1032-74c9-ec34-90abe39e5238" executionId="70c7c0f8-9045-4ac9-861a-619a5ba60937" testListId="8c84fa94-04c1-424b-9868-57a2d4851a1d" />
    <TestEntry testId="6c8436f1-99f2-8741-c6bd-d60e2590ab61" executionId="82c6d3e4-a92f-49c2-b265-ca36f91685e5" testListId="8c84fa94-04c1-424b-9868-57a2d4851a1d" />
    <TestEntry testId="63288990-ee57-a5a0-a21e-5cf6b38242d6" executionId="8af9551f-7138-491d-b8a4-6218227a62df" testListId="8c84fa94-04c1-424b-9868-57a2d4851a1d" />
    <TestEntry testId="4f055382-0131-a11f-0a07-220b6b2388cb" executionId="6a053b20-6a39-4192-b454-208c11fc728c" testListId="8c84fa94-04c1-424b-9868-57a2d4851a1d" />
    <TestEntry testId="73c8ec37-b030-c764-73d1-18bbe3a99d3b" executionId="74959c10-4236-4337-9287-afcc80ab6dbe" testListId="8c84fa94-04c1-424b-9868-57a2d4851a1d" />
    <TestEntry testId="4d51480c-d07d-de05-54c5-495baa4aaf60" executionId="5d227410-73ca-49bd-be7b-64c0cd4a944e" testListId="8c84fa94-04c1-424b-9868-57a2d4851a1d" />
    <TestEntry testId="d2ef52ed-d111-d129-48e3-3d827d906a7a" executionId="9c4a2c83-a1a5-4cb5-a401-5292387e6d63" testListId="8c84fa94-04c1-424b-9868-57a2d4851a1d" />
    <TestEntry testId="80e5820f-08ef-da0c-56b0-07c4ffba8e44" executionId="05877873-9e7e-4e2f-a81d-54c9b2983a13" testListId="8c84fa94-04c1-424b-9868-57a2d4851a1d" />
    <TestEntry testId="e726d9f0-fcb4-395d-b842-8ee85c5df38a" executionId="7ca2851a-53d0-4d59-8f79-8d0943d2bd98" testListId="8c84fa94-04c1-424b-9868-57a2d4851a1d" />
    <TestEntry testId="1c3fd438-28b2-ce08-3e4a-1f9419bda441" executionId="6a3a7c67-f7bb-4fa3-8e8d-17fd226a2684" testListId="8c84fa94-04c1-424b-9868-57a2d4851a1d" />
    <TestEntry testId="3f51a738-0627-f615-33b5-f2f4d6461644" executionId="35cfebfe-b5c1-4ba2-85de-cee5a1a1d4ab" testListId="8c84fa94-04c1-424b-9868-57a2d4851a1d" />
    <TestEntry testId="8e3c23a5-9bd7-2b06-1ceb-b1bcb5cdc6c2" executionId="e4084061-ae91-4712-87bb-cc9a83b196ae" testListId="8c84fa94-04c1-424b-9868-57a2d4851a1d" />
    <TestEntry testId="43796deb-08f7-d80b-b20f-d8ab0d74e3d2" executionId="d513ef38-bc55-454f-892c-598ed4ac03a2" testListId="8c84fa94-04c1-424b-9868-57a2d4851a1d" />
    <TestEntry testId="a9778872-8c76-23f2-d6ec-77faa52be8ba" executionId="2414921c-9945-4bcb-bb0a-3c60b97283d8" testListId="8c84fa94-04c1-424b-9868-57a2d4851a1d" />
    <TestEntry testId="9b7b0243-9523-d396-f433-76033e35c2c2" executionId="7415665d-d378-4803-97a6-122cb76bed09" testListId="8c84fa94-04c1-424b-9868-57a2d4851a1d" />
    <TestEntry testId="cc0dc75f-eeb7-7b56-cf33-54c0a245f2ec" executionId="b6e565b2-7d7a-4a63-afd2-9457356627ed" testListId="8c84fa94-04c1-424b-9868-57a2d4851a1d" />
    <TestEntry testId="65feb893-ab12-466e-ce22-b5b1f1b6124a" executionId="25204baa-424a-4814-bf26-ef7284624550" testListId="8c84fa94-04c1-424b-9868-57a2d4851a1d" />
    <TestEntry testId="5ce71333-16b3-7ca9-4502-41113ff61d63" executionId="548196bf-d9e6-41cd-b82f-a10d5ad9f693" testListId="8c84fa94-04c1-424b-9868-57a2d4851a1d" />
    <TestEntry testId="d0a004d6-1a54-f1b3-e169-5676ab6be8b1" executionId="6c2266c4-e9f6-482a-91e3-adb1e727972c" testListId="8c84fa94-04c1-424b-9868-57a2d4851a1d" />
    <TestEntry testId="2a3d6f5c-4e4d-c0c9-7914-ec90445c5bd3" executionId="fb5dc372-41cb-462c-97b6-0829319dcdd5" testListId="8c84fa94-04c1-424b-9868-57a2d4851a1d" />
    <TestEntry testId="02576661-c6c2-8f00-d11c-ce062ab7ed3a" executionId="26f10ae7-a2d1-4e7d-9eb6-b7ec5e74fb2d" testListId="8c84fa94-04c1-424b-9868-57a2d4851a1d" />
    <TestEntry testId="d46f5b84-5e79-3443-a835-6fb4558c770d" executionId="f5c956be-abfe-4fb9-8e72-5e446a679fd7" testListId="8c84fa94-04c1-424b-9868-57a2d4851a1d" />
    <TestEntry testId="44bacf30-4a2e-0862-f97d-a81669c68688" executionId="39a5bfca-ced9-4d0e-ab4d-9c389be39e5f" testListId="8c84fa94-04c1-424b-9868-57a2d4851a1d" />
    <TestEntry testId="d63e7278-b66e-2034-c34f-0f996736ec0f" executionId="06fd1e54-6af6-4198-80c6-076a743ee159" testListId="8c84fa94-04c1-424b-9868-57a2d4851a1d" />
    <TestEntry testId="a30722fe-5fc3-75f9-8b36-954e4b7edded" executionId="835639e9-fc11-4cb3-b2ef-856b7a9c6b73" testListId="8c84fa94-04c1-424b-9868-57a2d4851a1d" />
    <TestEntry testId="147a4758-3634-581b-e7f9-bce94e088dca" executionId="a4f88cf1-ddcb-4305-9b44-42a9a24d5245" testListId="8c84fa94-04c1-424b-9868-57a2d4851a1d" />
    <TestEntry testId="abaa89cb-39f9-f69b-6b9b-d73c0738d8ca" executionId="99833f36-3350-4e56-94d6-543d67f36d06" testListId="8c84fa94-04c1-424b-9868-57a2d4851a1d" />
    <TestEntry testId="3a3f9d75-d026-e080-243f-2f7710a74526" executionId="919b5283-1c8e-473f-afff-fbc960eeb86f" testListId="8c84fa94-04c1-424b-9868-57a2d4851a1d" />
    <TestEntry testId="5a7690c3-a6d9-a65a-1725-2be1e721c1ec" executionId="15940d66-4033-4be1-b067-bf95f1213cee" testListId="8c84fa94-04c1-424b-9868-57a2d4851a1d" />
    <TestEntry testId="89407bbb-8eaf-06c6-b79c-29fbc99ed14a" executionId="aa5ef5e9-44bd-4dd5-a0fa-e210e92c7a51" testListId="8c84fa94-04c1-424b-9868-57a2d4851a1d" />
    <TestEntry testId="7fcc67f3-326a-bb2f-e890-a3f7f107c255" executionId="7373b3e9-a4d9-48f8-9c95-c83dca20532d" testListId="8c84fa94-04c1-424b-9868-57a2d4851a1d" />
    <TestEntry testId="51aa65b1-443e-5697-2362-17cf4a03e30a" executionId="89416218-459e-4d01-8089-c0a49e5e5789" testListId="8c84fa94-04c1-424b-9868-57a2d4851a1d" />
    <TestEntry testId="97f06ad2-5054-381e-0597-69e5a5a2de02" executionId="0db7098a-ca7d-476d-9926-3ff397dbaef5" testListId="8c84fa94-04c1-424b-9868-57a2d4851a1d" />
    <TestEntry testId="f03522fd-b192-83f1-01f0-fd28439d039a" executionId="69888f61-7aad-45fd-9746-c43dff5d3777" testListId="8c84fa94-04c1-424b-9868-57a2d4851a1d" />
    <TestEntry testId="d784fe36-071d-1645-9cd0-e61f1470cd62" executionId="4dc86953-e7d2-4195-835f-7c364dde013f" testListId="8c84fa94-04c1-424b-9868-57a2d4851a1d" />
    <TestEntry testId="55e7d5c1-1942-236a-67ab-d8b9860c2742" executionId="0b7504ac-0459-4363-97a7-80d556fa8b4e" testListId="8c84fa94-04c1-424b-9868-57a2d4851a1d" />
  </TestEntries>
  <TestLists>
    <TestList name="Results Not in a List" id="8c84fa94-04c1-424b-9868-57a2d4851a1d" />
    <TestList name="All Loaded Results" id="19431567-8539-422a-85d7-44ee4e166bda" />
  </TestLists>
  <ResultSummary outcome="Completed">
    <Counters total="270" executed="270" passed="270" failed="0" error="0" timeout="0" aborted="0" inconclusive="0" passedButRunAborted="0" notRunnable="0" notExecuted="0" disconnected="0" warning="0" completed="0" inProgress="0" pending="0" />
    <Output>
      <StdOut>[xUnit.net 00:00:00.00] xUnit.net VSTest Adapter v2.8.2+699d445a1a (64-bit .NET 9.0.6)
[xUnit.net 00:00:00.17]   Discovering: Aula.Tests
[xUnit.net 00:00:00.29]   Discovered:  Aula.Tests
[xUnit.net 00:00:00.30]   Starting:    Aula.Tests
[xUnit.net 00:00:01.27]   Finished:    Aula.Tests
</StdOut>
    </Output>
    <CollectorDataEntries>
      <Collector agentName="RHO-DESKTOP" uri="datacollector://microsoft/CoverletCodeCoverage/1.0" collectorDisplayName="XPlat code coverage">
        <UriAttachments>
          <UriAttachment>
            <A href="RHO-DESKTOP/coverage.cobertura.xml"></A>
          </UriAttachment>
        </UriAttachments>
      </Collector>
    </CollectorDataEntries>
  </ResultSummary>
</TestRun>